#
# There is insufficient memory for the Java Runtime Environment to continue.
# Native memory allocation (malloc) failed to allocate 1014896 bytes for Chunk::new
# Possible reasons:
#   The system is out of physical RAM or swap space
#   The process is running with CompressedOops enabled, and the Java Heap may be blocking the growth of the native heap
# Possible solutions:
#   Reduce memory load on the system
#   Increase physical memory or swap space
#   Check if swap backing store is full
#   Decrease Java heap size (-Xmx/-Xms)
#   Decrease number of Java threads
#   Decrease Java thread stack sizes (-Xss)
#   Set larger code cache with -XX:ReservedCodeCacheSize=
#   JVM is running with Unscaled Compressed Oops mode in which the Java heap is
#     placed in the first 4GB address space. The Java Heap base address is the
#     maximum limit for the native heap growth. Please use -XX:HeapBaseMinAddress
#     to set the Java Heap base and to place the Java Heap above 4GB virtual address.
# This output file may be truncated or incomplete.
#
#  Out of Memory Error (./open/src/hotspot/share/memory/arena.cpp:197), pid=16204, tid=15836
#
# JRE version: Java(TM) SE Runtime Environment 18.9 (11.0.9+7) (build 11.0.9+7-LTS)
# Java VM: Java HotSpot(TM) 64-Bit Server VM 18.9 (11.0.9+7-LTS, mixed mode, tiered, compressed oops, g1 gc, windows-amd64)
# No core dump will be written. Minidumps are not enabled by default on client versions of Windows
#

---------------  S U M M A R Y ------------

Command Line: -XX:MaxMetaspaceSize=512m --add-opens=java.base/java.util=ALL-UNNAMED --add-opens=java.base/java.lang=ALL-UNNAMED --add-opens=java.base/java.lang.invoke=ALL-UNNAMED --add-opens=java.prefs/java.util.prefs=ALL-UNNAMED --add-opens=java.base/java.nio.charset=ALL-UNNAMED --add-opens=java.base/java.net=ALL-UNNAMED --add-opens=java.base/java.util.concurrent.atomic=ALL-UNNAMED -Xmx2048m -Dfile.encoding=windows-1252 -Duser.country=US -Duser.language=en -Duser.variant org.gradle.launcher.daemon.bootstrap.GradleDaemon 8.0.1

Host: Intel(R) Core(TM) i5-1035G1 CPU @ 1.00GHz, 8 cores, 15G,  Windows 10 , 64 bit Build 19041 (10.0.19041.3636)
Time: Tue Dec  5 18:54:35 2023 GTB Standard Time elapsed time: 69.601079 seconds (0d 0h 1m 9s)

---------------  T H R E A D  ---------------

Current thread (0x000001b9f7723000):  JavaThread "C2 CompilerThread1" daemon [_thread_in_native, id=15836, stack(0x0000007d2e600000,0x0000007d2e700000)]


Current CompileTask:
C2:  69601 15672       4       java.beans.Introspector::addPropertyDescriptor (265 bytes)

Stack: [0x0000007d2e600000,0x0000007d2e700000]
Native frames: (J=compiled Java code, j=interpreted, Vv=VM code, C=native code)
V  [jvm.dll+0x611a3a]
V  [jvm.dll+0x748aaf]
V  [jvm.dll+0x74a135]
V  [jvm.dll+0x74a7b3]
V  [jvm.dll+0x2439f8]
V  [jvm.dll+0xba2bc]
V  [jvm.dll+0xba9bc]
V  [jvm.dll+0x2b4274]
V  [jvm.dll+0x52a046]
V  [jvm.dll+0x20565d]
V  [jvm.dll+0x1ff5aa]
V  [jvm.dll+0x1fc52f]
V  [jvm.dll+0x17f08c]
V  [jvm.dll+0x20bc54]
V  [jvm.dll+0x209d2b]
V  [jvm.dll+0x7103d9]
V  [jvm.dll+0x709114]
V  [jvm.dll+0x610cb6]
C  [ucrtbase.dll+0x21bb2]
C  [KERNEL32.DLL+0x17344]
C  [ntdll.dll+0x526b1]


---------------  P R O C E S S  ---------------

Threads class SMR info:
_java_thread_list=0x000001b9f94a5d70, length=133, elements={
0x000001b9d01be800, 0x000001b9f0fc9800, 0x000001b9f0fcb000, 0x000001b9f1828000,
0x000001b9f182d000, 0x000001b9f182e800, 0x000001b9f1831000, 0x000001b9f1836800,
0x000001b9f19bd800, 0x000001b9f1a21000, 0x000001b9f38dd000, 0x000001b9f3338000,
0x000001b9f2df5800, 0x000001b9f247a000, 0x000001b9f4519000, 0x000001b9f3f1f000,
0x000001b9f403d000, 0x000001b9f383b800, 0x000001b9f40ea800, 0x000001b9f40e7800,
0x000001b9f40eb800, 0x000001b9f40e5800, 0x000001b9f40e8000, 0x000001b9f40e9000,
0x000001b9f40ea000, 0x000001b9f40ec000, 0x000001b9f40e6800, 0x000001b9f4936800,
0x000001b9f4938800, 0x000001b9f4937000, 0x000001b9f493c000, 0x000001b9f493f000,
0x000001b9f493e800, 0x000001b9f493b000, 0x000001b9f493a800, 0x000001b9f4939800,
0x000001b9f4941800, 0x000001b9f4940000, 0x000001b9f4945000, 0x000001b9f4941000,
0x000001b9f4943800, 0x000001b9f4944000, 0x000001b9f4942800, 0x000001b9f512a000,
0x000001b9f512c000, 0x000001b9f512d800, 0x000001b9f5130800, 0x000001b9f512c800,
0x000001b9f512e000, 0x000001b9f512f000, 0x000001b9f5130000, 0x000001b9f512b000,
0x000001b9f5131800, 0x000001b9f5136800, 0x000001b9f5133000, 0x000001b9f5132800,
0x000001b9f5138000, 0x000001b9f5137000, 0x000001b9f5135800, 0x000001b9f5139000,
0x000001b9f5134000, 0x000001b9f5135000, 0x000001b9f29c0800, 0x000001b9f29bf000,
0x000001b9f29bf800, 0x000001b9f29bb800, 0x000001b9f29be000, 0x000001b9f29bb000,
0x000001b9f29c4800, 0x000001b9f29c1800, 0x000001b9f29c8800, 0x000001b9f29c5800,
0x000001b9f29c3000, 0x000001b9f29c9800, 0x000001b9f29c7000, 0x000001b9f29c8000,
0x000001b9f29c4000, 0x000001b9f29c6800, 0x000001b9f29c2000, 0x000001b9f29bd800,
0x000001b9f4b61000, 0x000001b9f4b65000, 0x000001b9f4b65800, 0x000001b9f4b60000,
0x000001b9f4b66800, 0x000001b9f4b67800, 0x000001b9f4b63000, 0x000001b9f4b64000,
0x000001b9f4b61800, 0x000001b9f4b68000, 0x000001b9f4b62800, 0x000001b9f4b6e000,
0x000001b9f4b69000, 0x000001b9f4b6a000, 0x000001b9f4b6c000, 0x000001b9f4b6d000,
0x000001b9f4b6e800, 0x000001b9f4b6a800, 0x000001b9f4b6b800, 0x000001b9f8802000,
0x000001b9f8804000, 0x000001b9f8807000, 0x000001b9f8805800, 0x000001b9f8804800,
0x000001b9f8806800, 0x000001b9f8808800, 0x000001b9f8803000, 0x000001b9f880b000,
0x000001b9f880e800, 0x000001b9f880c000, 0x000001b9f880d000, 0x000001b9f8809800,
0x000001b9f880a800, 0x000001b9f8811000, 0x000001b9f880d800, 0x000001b9f880f800,
0x000001b9f8810000, 0x000001b9f771e000, 0x000001b9f771f000, 0x000001b9f771b800,
0x000001b9f771a800, 0x000001b9f7719000, 0x000001b9f771c800, 0x000001b9f771f800,
0x000001b9f771d000, 0x000001b9f771a000, 0x000001b9f7726000, 0x000001b9f7724800,
0x000001b9f7722000, 0x000001b9f7720800, 0x000001b9f7725800, 0x000001b9f7721800,
0x000001b9f7723000
}

Java Threads: ( => current thread )
  0x000001b9d01be800 JavaThread "main" [_thread_blocked, id=15944, stack(0x0000007d2e900000,0x0000007d2ea00000)]
  0x000001b9f0fc9800 JavaThread "Reference Handler" daemon [_thread_blocked, id=16440, stack(0x0000007d2f000000,0x0000007d2f100000)]
  0x000001b9f0fcb000 JavaThread "Finalizer" daemon [_thread_blocked, id=7468, stack(0x0000007d2f100000,0x0000007d2f200000)]
  0x000001b9f1828000 JavaThread "Signal Dispatcher" daemon [_thread_blocked, id=15884, stack(0x0000007d2f200000,0x0000007d2f300000)]
  0x000001b9f182d000 JavaThread "Attach Listener" daemon [_thread_blocked, id=7788, stack(0x0000007d2f300000,0x0000007d2f400000)]
  0x000001b9f182e800 JavaThread "C2 CompilerThread0" daemon [_thread_in_native, id=5644, stack(0x0000007d2f400000,0x0000007d2f500000)]
  0x000001b9f1831000 JavaThread "C1 CompilerThread0" daemon [_thread_blocked, id=17840, stack(0x0000007d2f500000,0x0000007d2f600000)]
  0x000001b9f1836800 JavaThread "Sweeper thread" daemon [_thread_blocked, id=15704, stack(0x0000007d2f600000,0x0000007d2f700000)]
  0x000001b9f19bd800 JavaThread "Common-Cleaner" daemon [_thread_blocked, id=17344, stack(0x0000007d2f700000,0x0000007d2f800000)]
  0x000001b9f1a21000 JavaThread "Service Thread" daemon [_thread_blocked, id=10364, stack(0x0000007d2f800000,0x0000007d2f900000)]
  0x000001b9f38dd000 JavaThread "Daemon health stats" [_thread_blocked, id=16236, stack(0x0000007d2ff00000,0x0000007d30000000)]
  0x000001b9f3338000 JavaThread "Incoming local TCP Connector on port 54081" [_thread_in_native, id=9528, stack(0x0000007d2fa00000,0x0000007d2fb00000)]
  0x000001b9f2df5800 JavaThread "Daemon periodic checks" [_thread_blocked, id=16916, stack(0x0000007d30000000,0x0000007d30100000)]
  0x000001b9f247a000 JavaThread "Daemon" [_thread_blocked, id=17172, stack(0x0000007d30100000,0x0000007d30200000)]
  0x000001b9f4519000 JavaThread "Handler for socket connection from /127.0.0.1:54081 to /127.0.0.1:54082" [_thread_in_native, id=6608, stack(0x0000007d30200000,0x0000007d30300000)]
  0x000001b9f3f1f000 JavaThread "Cancel handler" [_thread_blocked, id=2860, stack(0x0000007d30300000,0x0000007d30400000)]
  0x000001b9f403d000 JavaThread "Daemon worker" [_thread_in_Java, id=12332, stack(0x0000007d30400000,0x0000007d30500000)]
  0x000001b9f383b800 JavaThread "Asynchronous log dispatcher for DefaultDaemonConnection: socket connection from /127.0.0.1:54081 to /127.0.0.1:54082" [_thread_blocked, id=5252, stack(0x0000007d30500000,0x0000007d30600000)]
  0x000001b9f40ea800 JavaThread "Daemon client event forwarder" [_thread_blocked, id=17108, stack(0x0000007d30700000,0x0000007d30800000)]
  0x000001b9f40e7800 JavaThread "Cache worker for journal cache (C:\Users\Ana\.gradle\caches\journal-1)" [_thread_blocked, id=3232, stack(0x0000007d30800000,0x0000007d30900000)]
  0x000001b9f40eb800 JavaThread "File lock request listener" [_thread_in_native, id=5632, stack(0x0000007d30900000,0x0000007d30a00000)]
  0x000001b9f40e5800 JavaThread "Cache worker for file hash cache (C:\Users\Ana\.gradle\caches\8.0.1\fileHashes)" [_thread_blocked, id=6872, stack(0x0000007d30e00000,0x0000007d30f00000)]
  0x000001b9f40e8000 JavaThread "File watcher server" daemon [_thread_in_native, id=12712, stack(0x0000007d31000000,0x0000007d31100000)]
  0x000001b9f40e9000 JavaThread "File watcher consumer" daemon [_thread_blocked, id=15900, stack(0x0000007d31100000,0x0000007d31200000)]
  0x000001b9f40ea000 JavaThread "Cache worker for checksums cache (D:\Master\BDSA\Disertatie\aplicatie\singlebeat\android\.gradle\8.0.1\checksums)" [_thread_blocked, id=8380, stack(0x0000007d31200000,0x0000007d31300000)]
  0x000001b9f40ec000 JavaThread "Cache worker for cache directory md-rule (C:\Users\Ana\.gradle\caches\8.0.1\md-rule)" [_thread_blocked, id=3592, stack(0x0000007d31300000,0x0000007d31400000)]
  0x000001b9f40e6800 JavaThread "Cache worker for file content cache (C:\Users\Ana\.gradle\caches\8.0.1\fileContent)" [_thread_blocked, id=5132, stack(0x0000007d31400000,0x0000007d31500000)]
  0x000001b9f4936800 JavaThread "Cache worker for file hash cache (D:\Master\BDSA\Disertatie\aplicatie\singlebeat\android\.gradle\8.0.1\fileHashes)" [_thread_blocked, id=15852, stack(0x0000007d31500000,0x0000007d31600000)]
  0x000001b9f4938800 JavaThread "Cache worker for cache directory md-supplier (C:\Users\Ana\.gradle\caches\8.0.1\md-supplier)" [_thread_blocked, id=13032, stack(0x0000007d31600000,0x0000007d31700000)]
  0x000001b9f4937000 JavaThread "Cache worker for execution history cache (C:\Users\Ana\.gradle\caches\8.0.1\executionHistory)" [_thread_blocked, id=11064, stack(0x0000007d30f00000,0x0000007d31000000)]
  0x000001b9f493c000 JavaThread "jar transforms" [_thread_blocked, id=4180, stack(0x0000007d31900000,0x0000007d31a00000)]
  0x000001b9f493f000 JavaThread "jar transforms Thread 2" [_thread_blocked, id=5296, stack(0x0000007d31a00000,0x0000007d31b00000)]
  0x000001b9f493e800 JavaThread "jar transforms Thread 3" [_thread_blocked, id=3948, stack(0x0000007d31b00000,0x0000007d31c00000)]
  0x000001b9f493b000 JavaThread "jar transforms Thread 4" [_thread_blocked, id=15488, stack(0x0000007d31c00000,0x0000007d31d00000)]
  0x000001b9f493a800 JavaThread "Cache worker for kotlin-dsl (C:\Users\Ana\.gradle\caches\8.0.1\kotlin-dsl)" [_thread_blocked, id=4548, stack(0x0000007d31800000,0x0000007d31900000)]
  0x000001b9f4939800 JavaThread "jar transforms Thread 5" [_thread_blocked, id=7908, stack(0x0000007d31e00000,0x0000007d31f00000)]
  0x000001b9f4941800 JavaThread "jar transforms Thread 6" [_thread_blocked, id=15972, stack(0x0000007d31d00000,0x0000007d31e00000)]
  0x000001b9f4940000 JavaThread "Cache worker for dependencies-accessors (D:\Master\BDSA\Disertatie\aplicatie\singlebeat\android\.gradle\8.0.1\dependencies-accessors)" [_thread_blocked, id=4696, stack(0x0000007d31f00000,0x0000007d32000000)]
  0x000001b9f4945000 JavaThread "Cache worker for Build Output Cleanup Cache (D:\Master\BDSA\Disertatie\aplicatie\singlebeat\node_modules\@react-native\gradle-plugin\.gradle\buildOutputCleanup)" [_thread_blocked, id=6788, stack(0x0000007d32000000,0x0000007d32100000)]
  0x000001b9f4941000 JavaThread "jar transforms Thread 7" [_thread_blocked, id=18352, stack(0x0000007d32100000,0x0000007d32200000)]
  0x000001b9f4943800 JavaThread "Unconstrained build operations" [_thread_blocked, id=17092, stack(0x0000007d32400000,0x0000007d32500000)]
  0x000001b9f4944000 JavaThread "Unconstrained build operations Thread 2" [_thread_blocked, id=13816, stack(0x0000007d32500000,0x0000007d32600000)]
  0x000001b9f4942800 JavaThread "Unconstrained build operations Thread 3" [_thread_blocked, id=16696, stack(0x0000007d32600000,0x0000007d32700000)]
  0x000001b9f512a000 JavaThread "Unconstrained build operations Thread 4" [_thread_blocked, id=2280, stack(0x0000007d32700000,0x0000007d32800000)]
  0x000001b9f512c000 JavaThread "Unconstrained build operations Thread 5" [_thread_blocked, id=3512, stack(0x0000007d32800000,0x0000007d32900000)]
  0x000001b9f512d800 JavaThread "Unconstrained build operations Thread 6" [_thread_blocked, id=15440, stack(0x0000007d32900000,0x0000007d32a00000)]
  0x000001b9f5130800 JavaThread "Unconstrained build operations Thread 7" [_thread_blocked, id=17384, stack(0x0000007d32a00000,0x0000007d32b00000)]
  0x000001b9f512c800 JavaThread "Unconstrained build operations Thread 8" [_thread_blocked, id=5048, stack(0x0000007d32b00000,0x0000007d32c00000)]
  0x000001b9f512e000 JavaThread "Unconstrained build operations Thread 9" [_thread_blocked, id=17256, stack(0x0000007d32c00000,0x0000007d32d00000)]
  0x000001b9f512f000 JavaThread "Unconstrained build operations Thread 10" [_thread_blocked, id=2020, stack(0x0000007d32d00000,0x0000007d32e00000)]
  0x000001b9f5130000 JavaThread "Unconstrained build operations Thread 11" [_thread_blocked, id=4988, stack(0x0000007d32e00000,0x0000007d32f00000)]
  0x000001b9f512b000 JavaThread "Unconstrained build operations Thread 12" [_thread_blocked, id=13496, stack(0x0000007d32f00000,0x0000007d33000000)]
  0x000001b9f5131800 JavaThread "Unconstrained build operations Thread 13" [_thread_blocked, id=9948, stack(0x0000007d33000000,0x0000007d33100000)]
  0x000001b9f5136800 JavaThread "Unconstrained build operations Thread 14" [_thread_blocked, id=2748, stack(0x0000007d33100000,0x0000007d33200000)]
  0x000001b9f5133000 JavaThread "Unconstrained build operations Thread 15" [_thread_blocked, id=5860, stack(0x0000007d33200000,0x0000007d33300000)]
  0x000001b9f5132800 JavaThread "Unconstrained build operations Thread 16" [_thread_blocked, id=15680, stack(0x0000007d33300000,0x0000007d33400000)]
  0x000001b9f5138000 JavaThread "Unconstrained build operations Thread 17" [_thread_blocked, id=16092, stack(0x0000007d33400000,0x0000007d33500000)]
  0x000001b9f5137000 JavaThread "Unconstrained build operations Thread 18" [_thread_blocked, id=12616, stack(0x0000007d33500000,0x0000007d33600000)]
  0x000001b9f5135800 JavaThread "Unconstrained build operations Thread 19" [_thread_blocked, id=2336, stack(0x0000007d33600000,0x0000007d33700000)]
  0x000001b9f5139000 JavaThread "Unconstrained build operations Thread 20" [_thread_blocked, id=18324, stack(0x0000007d33700000,0x0000007d33800000)]
  0x000001b9f5134000 JavaThread "Unconstrained build operations Thread 21" [_thread_blocked, id=10748, stack(0x0000007d33800000,0x0000007d33900000)]
  0x000001b9f5135000 JavaThread "Unconstrained build operations Thread 22" [_thread_blocked, id=17676, stack(0x0000007d33900000,0x0000007d33a00000)]
  0x000001b9f29c0800 JavaThread "Unconstrained build operations Thread 23" [_thread_blocked, id=3852, stack(0x0000007d33a00000,0x0000007d33b00000)]
  0x000001b9f29bf000 JavaThread "Unconstrained build operations Thread 24" [_thread_blocked, id=10192, stack(0x0000007d33b00000,0x0000007d33c00000)]
  0x000001b9f29bf800 JavaThread "Unconstrained build operations Thread 25" [_thread_blocked, id=17704, stack(0x0000007d33c00000,0x0000007d33d00000)]
  0x000001b9f29bb800 JavaThread "Unconstrained build operations Thread 26" [_thread_blocked, id=16732, stack(0x0000007d33d00000,0x0000007d33e00000)]
  0x000001b9f29be000 JavaThread "jar transforms Thread 8" [_thread_blocked, id=15664, stack(0x0000007d31700000,0x0000007d31800000)]
  0x000001b9f29bb000 JavaThread "Memory manager" [_thread_blocked, id=16024, stack(0x0000007d33e00000,0x0000007d33f00000)]
  0x000001b9f29c4800 JavaThread "Cache worker for Build Output Cleanup Cache (D:\Master\BDSA\Disertatie\aplicatie\singlebeat\android\.gradle\buildOutputCleanup)" [_thread_blocked, id=16528, stack(0x0000007d33f00000,0x0000007d34000000)]
  0x000001b9f29c1800 JavaThread "included builds" [_thread_blocked, id=15548, stack(0x0000007d34300000,0x0000007d34400000)]
  0x000001b9f29c8800 JavaThread "Execution worker" [_thread_blocked, id=1664, stack(0x0000007d34400000,0x0000007d34500000)]
  0x000001b9f29c5800 JavaThread "Execution worker Thread 2" [_thread_blocked, id=15968, stack(0x0000007d34500000,0x0000007d34600000)]
  0x000001b9f29c3000 JavaThread "Execution worker Thread 3" [_thread_blocked, id=2568, stack(0x0000007d34600000,0x0000007d34700000)]
  0x000001b9f29c9800 JavaThread "Execution worker Thread 4" [_thread_blocked, id=3892, stack(0x0000007d34700000,0x0000007d34800000)]
  0x000001b9f29c7000 JavaThread "Execution worker Thread 5" [_thread_blocked, id=17428, stack(0x0000007d34800000,0x0000007d34900000)]
  0x000001b9f29c8000 JavaThread "Execution worker Thread 6" [_thread_blocked, id=15912, stack(0x0000007d34900000,0x0000007d34a00000)]
  0x000001b9f29c4000 JavaThread "Execution worker Thread 7" [_thread_blocked, id=2828, stack(0x0000007d34a00000,0x0000007d34b00000)]
  0x000001b9f29c6800 JavaThread "Cache worker for execution history cache (D:\Master\BDSA\Disertatie\aplicatie\singlebeat\node_modules\@react-native\gradle-plugin\.gradle\8.0.1\executionHistory)" [_thread_blocked, id=8744, stack(0x0000007d34b00000,0x0000007d34c00000)]
  0x000001b9f29c2000 JavaThread "Unconstrained build operations Thread 27" [_thread_blocked, id=18208, stack(0x0000007d32200000,0x0000007d32300000)]
  0x000001b9f29bd800 JavaThread "Unconstrained build operations Thread 28" [_thread_blocked, id=16952, stack(0x0000007d34000000,0x0000007d34100000)]
  0x000001b9f4b61000 JavaThread "Unconstrained build operations Thread 29" [_thread_blocked, id=17684, stack(0x0000007d34c00000,0x0000007d34d00000)]
  0x000001b9f4b65000 JavaThread "Unconstrained build operations Thread 30" [_thread_blocked, id=17996, stack(0x0000007d34d00000,0x0000007d34e00000)]
  0x000001b9f4b65800 JavaThread "Unconstrained build operations Thread 31" [_thread_blocked, id=18168, stack(0x0000007d34e00000,0x0000007d34f00000)]
  0x000001b9f4b60000 JavaThread "Unconstrained build operations Thread 32" [_thread_blocked, id=6524, stack(0x0000007d34f00000,0x0000007d35000000)]
  0x000001b9f4b66800 JavaThread "Unconstrained build operations Thread 33" [_thread_blocked, id=14036, stack(0x0000007d35000000,0x0000007d35100000)]
  0x000001b9f4b67800 JavaThread "Unconstrained build operations Thread 34" [_thread_blocked, id=7752, stack(0x0000007d35100000,0x0000007d35200000)]
  0x000001b9f4b63000 JavaThread "Unconstrained build operations Thread 35" [_thread_blocked, id=10480, stack(0x0000007d35200000,0x0000007d35300000)]
  0x000001b9f4b64000 JavaThread "Unconstrained build operations Thread 36" [_thread_blocked, id=1084, stack(0x0000007d35300000,0x0000007d35400000)]
  0x000001b9f4b61800 JavaThread "Unconstrained build operations Thread 37" [_thread_blocked, id=15932, stack(0x0000007d35400000,0x0000007d35500000)]
  0x000001b9f4b68000 JavaThread "Unconstrained build operations Thread 38" [_thread_blocked, id=6164, stack(0x0000007d35500000,0x0000007d35600000)]
  0x000001b9f4b62800 JavaThread "Unconstrained build operations Thread 39" [_thread_blocked, id=3816, stack(0x0000007d35600000,0x0000007d35700000)]
  0x000001b9f4b6e000 JavaThread "Unconstrained build operations Thread 40" [_thread_blocked, id=14516, stack(0x0000007d35700000,0x0000007d35800000)]
  0x000001b9f4b69000 JavaThread "Unconstrained build operations Thread 41" [_thread_blocked, id=15756, stack(0x0000007d35800000,0x0000007d35900000)]
  0x000001b9f4b6a000 JavaThread "Unconstrained build operations Thread 42" [_thread_blocked, id=6484, stack(0x0000007d35900000,0x0000007d35a00000)]
  0x000001b9f4b6c000 JavaThread "Unconstrained build operations Thread 43" [_thread_blocked, id=17896, stack(0x0000007d35a00000,0x0000007d35b00000)]
  0x000001b9f4b6d000 JavaThread "Unconstrained build operations Thread 44" [_thread_blocked, id=9968, stack(0x0000007d35b00000,0x0000007d35c00000)]
  0x000001b9f4b6e800 JavaThread "Unconstrained build operations Thread 45" [_thread_blocked, id=8264, stack(0x0000007d35c00000,0x0000007d35d00000)]
  0x000001b9f4b6a800 JavaThread "Unconstrained build operations Thread 46" [_thread_blocked, id=6960, stack(0x0000007d35d00000,0x0000007d35e00000)]
  0x000001b9f4b6b800 JavaThread "Unconstrained build operations Thread 47" [_thread_blocked, id=16892, stack(0x0000007d35e00000,0x0000007d35f00000)]
  0x000001b9f8802000 JavaThread "Unconstrained build operations Thread 48" [_thread_blocked, id=10636, stack(0x0000007d35f00000,0x0000007d36000000)]
  0x000001b9f8804000 JavaThread "Unconstrained build operations Thread 49" [_thread_blocked, id=16748, stack(0x0000007d36000000,0x0000007d36100000)]
  0x000001b9f8807000 JavaThread "Unconstrained build operations Thread 50" [_thread_blocked, id=17188, stack(0x0000007d36100000,0x0000007d36200000)]
  0x000001b9f8805800 JavaThread "Unconstrained build operations Thread 51" [_thread_blocked, id=14824, stack(0x0000007d36200000,0x0000007d36300000)]
  0x000001b9f8804800 JavaThread "Unconstrained build operations Thread 52" [_thread_blocked, id=9432, stack(0x0000007d36400000,0x0000007d36500000)]
  0x000001b9f8806800 JavaThread "Unconstrained build operations Thread 53" [_thread_blocked, id=3660, stack(0x0000007d36500000,0x0000007d36600000)]
  0x000001b9f8808800 JavaThread "Unconstrained build operations Thread 54" [_thread_blocked, id=14688, stack(0x0000007d36600000,0x0000007d36700000)]
  0x000001b9f8803000 JavaThread "Unconstrained build operations Thread 55" [_thread_blocked, id=18400, stack(0x0000007d36700000,0x0000007d36800000)]
  0x000001b9f880b000 JavaThread "Unconstrained build operations Thread 56" [_thread_blocked, id=13388, stack(0x0000007d36800000,0x0000007d36900000)]
  0x000001b9f880e800 JavaThread "Unconstrained build operations Thread 57" [_thread_blocked, id=16256, stack(0x0000007d36900000,0x0000007d36a00000)]
  0x000001b9f880c000 JavaThread "Unconstrained build operations Thread 58" [_thread_blocked, id=17776, stack(0x0000007d36a00000,0x0000007d36b00000)]
  0x000001b9f880d000 JavaThread "Unconstrained build operations Thread 59" [_thread_blocked, id=15448, stack(0x0000007d36b00000,0x0000007d36c00000)]
  0x000001b9f8809800 JavaThread "Unconstrained build operations Thread 60" [_thread_blocked, id=18120, stack(0x0000007d36c00000,0x0000007d36d00000)]
  0x000001b9f880a800 JavaThread "Unconstrained build operations Thread 61" [_thread_blocked, id=12052, stack(0x0000007d36d00000,0x0000007d36e00000)]
  0x000001b9f8811000 JavaThread "Unconstrained build operations Thread 62" [_thread_blocked, id=3560, stack(0x0000007d36e00000,0x0000007d36f00000)]
  0x000001b9f880d800 JavaThread "Unconstrained build operations Thread 63" [_thread_blocked, id=14296, stack(0x0000007d36f00000,0x0000007d37000000)]
  0x000001b9f880f800 JavaThread "Unconstrained build operations Thread 64" [_thread_blocked, id=16976, stack(0x0000007d37000000,0x0000007d37100000)]
  0x000001b9f8810000 JavaThread "Unconstrained build operations Thread 65" [_thread_blocked, id=10784, stack(0x0000007d37100000,0x0000007d37200000)]
  0x000001b9f771e000 JavaThread "Unconstrained build operations Thread 66" [_thread_blocked, id=16840, stack(0x0000007d37200000,0x0000007d37300000)]
  0x000001b9f771f000 JavaThread "Unconstrained build operations Thread 67" [_thread_blocked, id=16796, stack(0x0000007d37300000,0x0000007d37400000)]
  0x000001b9f771b800 JavaThread "Unconstrained build operations Thread 68" [_thread_blocked, id=15624, stack(0x0000007d37400000,0x0000007d37500000)]
  0x000001b9f771a800 JavaThread "Unconstrained build operations Thread 69" [_thread_blocked, id=2424, stack(0x0000007d37500000,0x0000007d37600000)]
  0x000001b9f7719000 JavaThread "Unconstrained build operations Thread 70" [_thread_blocked, id=16224, stack(0x0000007d37600000,0x0000007d37700000)]
  0x000001b9f771c800 JavaThread "Unconstrained build operations Thread 71" [_thread_blocked, id=5996, stack(0x0000007d37700000,0x0000007d37800000)]
  0x000001b9f771f800 JavaThread "Unconstrained build operations Thread 72" [_thread_blocked, id=16888, stack(0x0000007d37800000,0x0000007d37900000)]
  0x000001b9f771d000 JavaThread "Unconstrained build operations Thread 73" [_thread_blocked, id=16912, stack(0x0000007d37900000,0x0000007d37a00000)]
  0x000001b9f771a000 JavaThread "Unconstrained build operations Thread 74" [_thread_blocked, id=16708, stack(0x0000007d37a00000,0x0000007d37b00000)]
  0x000001b9f7726000 JavaThread "Unconstrained build operations Thread 75" [_thread_blocked, id=15616, stack(0x0000007d37b00000,0x0000007d37c00000)]
  0x000001b9f7724800 JavaThread "Unconstrained build operations Thread 76" [_thread_blocked, id=9844, stack(0x0000007d37c00000,0x0000007d37d00000)]
  0x000001b9f7722000 JavaThread "Unconstrained build operations Thread 77" [_thread_blocked, id=7472, stack(0x0000007d37d00000,0x0000007d37e00000)]
  0x000001b9f7720800 JavaThread "Unconstrained build operations Thread 78" [_thread_blocked, id=7196, stack(0x0000007d37e00000,0x0000007d37f00000)]
  0x000001b9f7725800 JavaThread "Unconstrained build operations Thread 79" [_thread_blocked, id=7928, stack(0x0000007d37f00000,0x0000007d38000000)]
  0x000001b9f7721800 JavaThread "Unconstrained build operations Thread 80" [_thread_blocked, id=16372, stack(0x0000007d38000000,0x0000007d38100000)]
=>0x000001b9f7723000 JavaThread "C2 CompilerThread1" daemon [_thread_in_native, id=15836, stack(0x0000007d2e600000,0x0000007d2e700000)]

Other Threads:
  0x000001b9f0fc4800 VMThread "VM Thread" [stack: 0x0000007d2ef00000,0x0000007d2f000000] [id=8232]
  0x000001b9f1a22800 WatcherThread [stack: 0x0000007d2f900000,0x0000007d2fa00000] [id=2916]
  0x000001b9d01d6800 GCTaskThread "GC Thread#0" [stack: 0x0000007d2ea00000,0x0000007d2eb00000] [id=16416]
  0x000001b9f2d35800 GCTaskThread "GC Thread#1" [stack: 0x0000007d2fb00000,0x0000007d2fc00000] [id=17496]
  0x000001b9f26ae000 GCTaskThread "GC Thread#2" [stack: 0x0000007d2fc00000,0x0000007d2fd00000] [id=12828]
  0x000001b9f273b800 GCTaskThread "GC Thread#3" [stack: 0x0000007d2fd00000,0x0000007d2fe00000] [id=8852]
  0x000001b9f2aac000 GCTaskThread "GC Thread#4" [stack: 0x0000007d2fe00000,0x0000007d2ff00000] [id=6612]
  0x000001b9f387c000 GCTaskThread "GC Thread#5" [stack: 0x0000007d30a00000,0x0000007d30b00000] [id=8732]
  0x000001b9f31dc800 GCTaskThread "GC Thread#6" [stack: 0x0000007d30b00000,0x0000007d30c00000] [id=9284]
  0x000001b9f2ef4800 GCTaskThread "GC Thread#7" [stack: 0x0000007d30c00000,0x0000007d30d00000] [id=15780]
  0x000001b9d0208800 ConcurrentGCThread "G1 Main Marker" [stack: 0x0000007d2eb00000,0x0000007d2ec00000] [id=12564]
  0x000001b9d0209800 ConcurrentGCThread "G1 Conc#0" [stack: 0x0000007d2ec00000,0x0000007d2ed00000] [id=16688]
  0x000001b9f2b10000 ConcurrentGCThread "G1 Conc#1" [stack: 0x0000007d30d00000,0x0000007d30e00000] [id=16160]
  0x000001b9d029d800 ConcurrentGCThread "G1 Refine#0" [stack: 0x0000007d2ed00000,0x0000007d2ee00000] [id=17300]
  0x000001b9d029e800 ConcurrentGCThread "G1 Young RemSet Sampling" [stack: 0x0000007d2ee00000,0x0000007d2ef00000] [id=2116]

Threads with active compile tasks:
C2 CompilerThread0  69628 15679       4       java.lang.Class::getMethod (59 bytes)
C2 CompilerThread1  69628 15672       4       java.beans.Introspector::addPropertyDescriptor (265 bytes)

VM state:not at safepoint (normal execution)

VM Mutex/Monitor currently owned by a thread: None

Heap address: 0x0000000080000000, size: 2048 MB, Compressed Oops mode: 32-bit
Narrow klass base: 0x0000000000000000, Narrow klass shift: 3
Compressed class space size: 528482304 Address: 0x0000000100000000

Heap:
 garbage-first heap   total 251904K, used 166471K [0x0000000080000000, 0x0000000100000000)
  region size 1024K, 8 young (8192K), 7 survivors (7168K)
 Metaspace       used 121325K, capacity 125783K, committed 126000K, reserved 624640K
  class space    used 15951K, capacity 17684K, committed 17792K, reserved 516096K
Heap Regions: E=young(eden), S=young(survivor), O=old, HS=humongous(starts), HC=humongous(continues), CS=collection set, F=free, A=archive, TAMS=top-at-mark-start (previous, next)
|   0|0x0000000080000000, 0x0000000080100000, 0x0000000080100000|100%|HS|  |TAMS 0x0000000080100000, 0x0000000080000000| Complete 
|   1|0x0000000080100000, 0x0000000080200000, 0x0000000080200000|100%|HC|  |TAMS 0x0000000080200000, 0x0000000080100000| Complete 
|   2|0x0000000080200000, 0x0000000080300000, 0x0000000080300000|100%|HC|  |TAMS 0x0000000080300000, 0x0000000080200000| Complete 
|   3|0x0000000080300000, 0x0000000080400000, 0x0000000080400000|100%|HC|  |TAMS 0x0000000080400000, 0x0000000080300000| Complete 
|   4|0x0000000080400000, 0x0000000080500000, 0x0000000080500000|100%| O|  |TAMS 0x0000000080500000, 0x0000000080400000| Untracked 
|   5|0x0000000080500000, 0x0000000080600000, 0x0000000080600000|100%| O|  |TAMS 0x0000000080600000, 0x0000000080500000| Untracked 
|   6|0x0000000080600000, 0x0000000080700000, 0x0000000080700000|100%| O|  |TAMS 0x0000000080700000, 0x0000000080600000| Untracked 
|   7|0x0000000080700000, 0x0000000080800000, 0x0000000080800000|100%| O|  |TAMS 0x0000000080800000, 0x0000000080700000| Untracked 
|   8|0x0000000080800000, 0x0000000080900000, 0x0000000080900000|100%| O|  |TAMS 0x0000000080900000, 0x0000000080800000| Untracked 
|   9|0x0000000080900000, 0x0000000080a00000, 0x0000000080a00000|100%| O|  |TAMS 0x0000000080a00000, 0x0000000080900000| Untracked 
|  10|0x0000000080a00000, 0x0000000080b00000, 0x0000000080b00000|100%| O|  |TAMS 0x0000000080b00000, 0x0000000080a00000| Untracked 
|  11|0x0000000080b00000, 0x0000000080c00000, 0x0000000080c00000|100%| O|  |TAMS 0x0000000080c00000, 0x0000000080b00000| Untracked 
|  12|0x0000000080c00000, 0x0000000080d00000, 0x0000000080d00000|100%| O|  |TAMS 0x0000000080d00000, 0x0000000080c00000| Untracked 
|  13|0x0000000080d00000, 0x0000000080e00000, 0x0000000080e00000|100%| O|  |TAMS 0x0000000080e00000, 0x0000000080d00000| Untracked 
|  14|0x0000000080e00000, 0x0000000080f00000, 0x0000000080f00000|100%| O|  |TAMS 0x0000000080f00000, 0x0000000080e00000| Untracked 
|  15|0x0000000080f00000, 0x0000000081000000, 0x0000000081000000|100%| O|  |TAMS 0x0000000081000000, 0x0000000080f00000| Untracked 
|  16|0x0000000081000000, 0x0000000081100000, 0x0000000081100000|100%| O|  |TAMS 0x0000000081100000, 0x0000000081000000| Untracked 
|  17|0x0000000081100000, 0x0000000081200000, 0x0000000081200000|100%| O|  |TAMS 0x0000000081200000, 0x0000000081100000| Untracked 
|  18|0x0000000081200000, 0x0000000081300000, 0x0000000081300000|100%| O|  |TAMS 0x0000000081300000, 0x0000000081200000| Untracked 
|  19|0x0000000081300000, 0x0000000081400000, 0x0000000081400000|100%| O|  |TAMS 0x0000000081400000, 0x0000000081300000| Untracked 
|  20|0x0000000081400000, 0x0000000081500000, 0x0000000081500000|100%| O|  |TAMS 0x0000000081500000, 0x0000000081400000| Untracked 
|  21|0x0000000081500000, 0x0000000081600000, 0x0000000081600000|100%| O|  |TAMS 0x0000000081600000, 0x0000000081500000| Untracked 
|  22|0x0000000081600000, 0x0000000081700000, 0x0000000081700000|100%| O|  |TAMS 0x0000000081700000, 0x0000000081600000| Untracked 
|  23|0x0000000081700000, 0x0000000081800000, 0x0000000081800000|100%| O|  |TAMS 0x0000000081800000, 0x0000000081700000| Untracked 
|  24|0x0000000081800000, 0x0000000081900000, 0x0000000081900000|100%| O|  |TAMS 0x0000000081900000, 0x0000000081800000| Untracked 
|  25|0x0000000081900000, 0x0000000081a00000, 0x0000000081a00000|100%| O|  |TAMS 0x0000000081a00000, 0x0000000081900000| Untracked 
|  26|0x0000000081a00000, 0x0000000081b00000, 0x0000000081b00000|100%| O|  |TAMS 0x0000000081b00000, 0x0000000081a00000| Untracked 
|  27|0x0000000081b00000, 0x0000000081c00000, 0x0000000081c00000|100%| O|  |TAMS 0x0000000081c00000, 0x0000000081b00000| Untracked 
|  28|0x0000000081c00000, 0x0000000081d00000, 0x0000000081d00000|100%| O|  |TAMS 0x0000000081d00000, 0x0000000081c00000| Untracked 
|  29|0x0000000081d00000, 0x0000000081e00000, 0x0000000081e00000|100%| O|  |TAMS 0x0000000081e00000, 0x0000000081d00000| Untracked 
|  30|0x0000000081e00000, 0x0000000081f00000, 0x0000000081f00000|100%| O|  |TAMS 0x0000000081f00000, 0x0000000081e00000| Untracked 
|  31|0x0000000081f00000, 0x0000000082000000, 0x0000000082000000|100%| O|  |TAMS 0x0000000082000000, 0x0000000081f00000| Untracked 
|  32|0x0000000082000000, 0x0000000082100000, 0x0000000082100000|100%|HS|  |TAMS 0x0000000082100000, 0x0000000082000000| Complete 
|  33|0x0000000082100000, 0x0000000082200000, 0x0000000082200000|100%|HC|  |TAMS 0x0000000082200000, 0x0000000082100000| Complete 
|  34|0x0000000082200000, 0x0000000082300000, 0x0000000082300000|100%|HS|  |TAMS 0x0000000082300000, 0x0000000082200000| Complete 
|  35|0x0000000082300000, 0x0000000082400000, 0x0000000082400000|100%|HC|  |TAMS 0x0000000082400000, 0x0000000082300000| Complete 
|  36|0x0000000082400000, 0x0000000082500000, 0x0000000082500000|100%|HC|  |TAMS 0x0000000082500000, 0x0000000082400000| Complete 
|  37|0x0000000082500000, 0x0000000082600000, 0x0000000082600000|100%|HC|  |TAMS 0x0000000082600000, 0x0000000082500000| Complete 
|  38|0x0000000082600000, 0x0000000082700000, 0x0000000082700000|100%| O|  |TAMS 0x0000000082700000, 0x0000000082600000| Untracked 
|  39|0x0000000082700000, 0x0000000082800000, 0x0000000082800000|100%| O|  |TAMS 0x0000000082800000, 0x0000000082700000| Untracked 
|  40|0x0000000082800000, 0x0000000082900000, 0x0000000082900000|100%| O|  |TAMS 0x0000000082900000, 0x0000000082800000| Untracked 
|  41|0x0000000082900000, 0x0000000082a00000, 0x0000000082a00000|100%| O|  |TAMS 0x0000000082a00000, 0x0000000082900000| Untracked 
|  42|0x0000000082a00000, 0x0000000082b00000, 0x0000000082b00000|100%| O|  |TAMS 0x0000000082b00000, 0x0000000082a00000| Untracked 
|  43|0x0000000082b00000, 0x0000000082c00000, 0x0000000082c00000|100%|HS|  |TAMS 0x0000000082c00000, 0x0000000082b00000| Complete 
|  44|0x0000000082c00000, 0x0000000082d00000, 0x0000000082d00000|100%|HS|  |TAMS 0x0000000082d00000, 0x0000000082c00000| Complete 
|  45|0x0000000082d00000, 0x0000000082e00000, 0x0000000082e00000|100%| O|  |TAMS 0x0000000082e00000, 0x0000000082d00000| Untracked 
|  46|0x0000000082e00000, 0x0000000082f00000, 0x0000000082f00000|100%| O|  |TAMS 0x0000000082f00000, 0x0000000082e00000| Untracked 
|  47|0x0000000082f00000, 0x0000000083000000, 0x0000000083000000|100%| O|  |TAMS 0x0000000083000000, 0x0000000082f00000| Untracked 
|  48|0x0000000083000000, 0x0000000083100000, 0x0000000083100000|100%| O|  |TAMS 0x0000000083100000, 0x0000000083000000| Untracked 
|  49|0x0000000083100000, 0x0000000083200000, 0x0000000083200000|100%| O|  |TAMS 0x0000000083200000, 0x0000000083100000| Untracked 
|  50|0x0000000083200000, 0x0000000083300000, 0x0000000083300000|100%| O|  |TAMS 0x0000000083300000, 0x0000000083200000| Untracked 
|  51|0x0000000083300000, 0x0000000083400000, 0x0000000083400000|100%| O|  |TAMS 0x0000000083400000, 0x0000000083300000| Untracked 
|  52|0x0000000083400000, 0x0000000083500000, 0x0000000083500000|100%| O|  |TAMS 0x0000000083500000, 0x0000000083400000| Untracked 
|  53|0x0000000083500000, 0x0000000083600000, 0x0000000083600000|100%| O|  |TAMS 0x0000000083600000, 0x0000000083500000| Untracked 
|  54|0x0000000083600000, 0x0000000083700000, 0x0000000083700000|100%| O|  |TAMS 0x0000000083700000, 0x0000000083600000| Untracked 
|  55|0x0000000083700000, 0x0000000083800000, 0x0000000083800000|100%| O|  |TAMS 0x0000000083800000, 0x0000000083700000| Untracked 
|  56|0x0000000083800000, 0x0000000083900000, 0x0000000083900000|100%| O|  |TAMS 0x0000000083900000, 0x0000000083800000| Untracked 
|  57|0x0000000083900000, 0x0000000083a00000, 0x0000000083a00000|100%| O|  |TAMS 0x0000000083a00000, 0x0000000083900000| Untracked 
|  58|0x0000000083a00000, 0x0000000083b00000, 0x0000000083b00000|100%| O|  |TAMS 0x0000000083b00000, 0x0000000083a00000| Untracked 
|  59|0x0000000083b00000, 0x0000000083c00000, 0x0000000083c00000|100%| O|  |TAMS 0x0000000083c00000, 0x0000000083b00000| Untracked 
|  60|0x0000000083c00000, 0x0000000083d00000, 0x0000000083d00000|100%| O|  |TAMS 0x0000000083d00000, 0x0000000083c00000| Untracked 
|  61|0x0000000083d00000, 0x0000000083e00000, 0x0000000083e00000|100%| O|  |TAMS 0x0000000083e00000, 0x0000000083d00000| Untracked 
|  62|0x0000000083e00000, 0x0000000083f00000, 0x0000000083f00000|100%| O|  |TAMS 0x0000000083f00000, 0x0000000083e00000| Untracked 
|  63|0x0000000083f00000, 0x0000000084000000, 0x0000000084000000|100%| O|  |TAMS 0x0000000084000000, 0x0000000083f00000| Untracked 
|  64|0x0000000084000000, 0x0000000084100000, 0x0000000084100000|100%| O|  |TAMS 0x0000000084100000, 0x0000000084000000| Untracked 
|  65|0x0000000084100000, 0x0000000084200000, 0x0000000084200000|100%| O|  |TAMS 0x0000000084200000, 0x0000000084100000| Untracked 
|  66|0x0000000084200000, 0x0000000084300000, 0x0000000084300000|100%| O|  |TAMS 0x0000000084300000, 0x0000000084200000| Untracked 
|  67|0x0000000084300000, 0x0000000084400000, 0x0000000084400000|100%| O|  |TAMS 0x0000000084400000, 0x0000000084300000| Untracked 
|  68|0x0000000084400000, 0x0000000084500000, 0x0000000084500000|100%| O|  |TAMS 0x0000000084500000, 0x0000000084400000| Untracked 
|  69|0x0000000084500000, 0x0000000084600000, 0x0000000084600000|100%| O|  |TAMS 0x0000000084600000, 0x0000000084500000| Untracked 
|  70|0x0000000084600000, 0x0000000084700000, 0x0000000084700000|100%| O|  |TAMS 0x0000000084700000, 0x0000000084600000| Untracked 
|  71|0x0000000084700000, 0x0000000084800000, 0x0000000084800000|100%| O|  |TAMS 0x0000000084800000, 0x0000000084700000| Untracked 
|  72|0x0000000084800000, 0x0000000084900000, 0x0000000084900000|100%| O|  |TAMS 0x0000000084900000, 0x0000000084800000| Untracked 
|  73|0x0000000084900000, 0x0000000084a00000, 0x0000000084a00000|100%| O|  |TAMS 0x0000000084a00000, 0x0000000084900000| Untracked 
|  74|0x0000000084a00000, 0x0000000084b00000, 0x0000000084b00000|100%| O|  |TAMS 0x0000000084b00000, 0x0000000084a00000| Untracked 
|  75|0x0000000084b00000, 0x0000000084c00000, 0x0000000084c00000|100%| O|  |TAMS 0x0000000084c00000, 0x0000000084b00000| Untracked 
|  76|0x0000000084c00000, 0x0000000084d00000, 0x0000000084d00000|100%| O|  |TAMS 0x0000000084d00000, 0x0000000084c00000| Untracked 
|  77|0x0000000084d00000, 0x0000000084e00000, 0x0000000084e00000|100%| O|  |TAMS 0x0000000084e00000, 0x0000000084d00000| Untracked 
|  78|0x0000000084e00000, 0x0000000084f00000, 0x0000000084f00000|100%|HS|  |TAMS 0x0000000084f00000, 0x0000000084e00000| Complete 
|  79|0x0000000084f00000, 0x0000000085000000, 0x0000000085000000|100%|HC|  |TAMS 0x0000000085000000, 0x0000000084f00000| Complete 
|  80|0x0000000085000000, 0x0000000085100000, 0x0000000085100000|100%|HS|  |TAMS 0x0000000085100000, 0x0000000085000000| Complete 
|  81|0x0000000085100000, 0x0000000085200000, 0x0000000085200000|100%|HC|  |TAMS 0x0000000085200000, 0x0000000085100000| Complete 
|  82|0x0000000085200000, 0x0000000085300000, 0x0000000085300000|100%|HC|  |TAMS 0x0000000085300000, 0x0000000085200000| Complete 
|  83|0x0000000085300000, 0x0000000085400000, 0x0000000085400000|100%|HC|  |TAMS 0x0000000085400000, 0x0000000085300000| Complete 
|  84|0x0000000085400000, 0x0000000085500000, 0x0000000085500000|100%| O|  |TAMS 0x0000000085500000, 0x0000000085400000| Untracked 
|  85|0x0000000085500000, 0x0000000085600000, 0x0000000085600000|100%| O|  |TAMS 0x0000000085600000, 0x0000000085500000| Untracked 
|  86|0x0000000085600000, 0x0000000085700000, 0x0000000085700000|100%| O|  |TAMS 0x0000000085700000, 0x0000000085600000| Untracked 
|  87|0x0000000085700000, 0x0000000085800000, 0x0000000085800000|100%| O|  |TAMS 0x0000000085800000, 0x0000000085700000| Untracked 
|  88|0x0000000085800000, 0x0000000085900000, 0x0000000085900000|100%| O|  |TAMS 0x0000000085900000, 0x0000000085800000| Untracked 
|  89|0x0000000085900000, 0x0000000085a00000, 0x0000000085a00000|100%| O|  |TAMS 0x0000000085a00000, 0x0000000085900000| Untracked 
|  90|0x0000000085a00000, 0x0000000085b00000, 0x0000000085b00000|100%| O|  |TAMS 0x0000000085b00000, 0x0000000085a00000| Untracked 
|  91|0x0000000085b00000, 0x0000000085c00000, 0x0000000085c00000|100%| O|  |TAMS 0x0000000085c00000, 0x0000000085b00000| Untracked 
|  92|0x0000000085c00000, 0x0000000085d00000, 0x0000000085d00000|100%| O|  |TAMS 0x0000000085d00000, 0x0000000085c00000| Untracked 
|  93|0x0000000085d00000, 0x0000000085e00000, 0x0000000085e00000|100%| O|  |TAMS 0x0000000085e00000, 0x0000000085d00000| Untracked 
|  94|0x0000000085e00000, 0x0000000085f00000, 0x0000000085f00000|100%| O|  |TAMS 0x0000000085f00000, 0x0000000085e00000| Untracked 
|  95|0x0000000085f00000, 0x0000000086000000, 0x0000000086000000|100%| O|  |TAMS 0x0000000086000000, 0x0000000085f00000| Untracked 
|  96|0x0000000086000000, 0x0000000086100000, 0x0000000086100000|100%| O|  |TAMS 0x0000000086100000, 0x0000000086000000| Untracked 
|  97|0x0000000086100000, 0x0000000086200000, 0x0000000086200000|100%| O|  |TAMS 0x0000000086200000, 0x0000000086100000| Untracked 
|  98|0x0000000086200000, 0x0000000086300000, 0x0000000086300000|100%| O|  |TAMS 0x0000000086300000, 0x0000000086200000| Untracked 
|  99|0x0000000086300000, 0x0000000086400000, 0x0000000086400000|100%| O|  |TAMS 0x0000000086400000, 0x0000000086300000| Untracked 
| 100|0x0000000086400000, 0x0000000086500000, 0x0000000086500000|100%|HS|  |TAMS 0x0000000086500000, 0x0000000086400000| Complete 
| 101|0x0000000086500000, 0x0000000086600000, 0x0000000086600000|100%|HS|  |TAMS 0x0000000086600000, 0x0000000086500000| Complete 
| 102|0x0000000086600000, 0x0000000086700000, 0x0000000086700000|100%|HS|  |TAMS 0x0000000086700000, 0x0000000086600000| Complete 
| 103|0x0000000086700000, 0x0000000086800000, 0x0000000086800000|100%|HS|  |TAMS 0x0000000086800000, 0x0000000086700000| Complete 
| 104|0x0000000086800000, 0x0000000086900000, 0x0000000086900000|100%|HC|  |TAMS 0x0000000086900000, 0x0000000086800000| Complete 
| 105|0x0000000086900000, 0x0000000086a00000, 0x0000000086a00000|100%|HS|  |TAMS 0x0000000086a00000, 0x0000000086900000| Complete 
| 106|0x0000000086a00000, 0x0000000086b00000, 0x0000000086b00000|100%|HS|  |TAMS 0x0000000086b00000, 0x0000000086a00000| Complete 
| 107|0x0000000086b00000, 0x0000000086c00000, 0x0000000086c00000|100%|HS|  |TAMS 0x0000000086c00000, 0x0000000086b00000| Complete 
| 108|0x0000000086c00000, 0x0000000086d00000, 0x0000000086d00000|100%|HC|  |TAMS 0x0000000086d00000, 0x0000000086c00000| Complete 
| 109|0x0000000086d00000, 0x0000000086e00000, 0x0000000086e00000|100%|HC|  |TAMS 0x0000000086e00000, 0x0000000086d00000| Complete 
| 110|0x0000000086e00000, 0x0000000086f00000, 0x0000000086f00000|100%| O|  |TAMS 0x0000000086f00000, 0x0000000086e00000| Untracked 
| 111|0x0000000086f00000, 0x0000000087000000, 0x0000000087000000|100%| O|  |TAMS 0x0000000087000000, 0x0000000086f00000| Untracked 
| 112|0x0000000087000000, 0x0000000087100000, 0x0000000087100000|100%| O|  |TAMS 0x0000000087100000, 0x0000000087000000| Untracked 
| 113|0x0000000087100000, 0x0000000087200000, 0x0000000087200000|100%| O|  |TAMS 0x0000000087200000, 0x0000000087100000| Untracked 
| 114|0x0000000087200000, 0x0000000087300000, 0x0000000087300000|100%| O|  |TAMS 0x0000000087300000, 0x0000000087200000| Untracked 
| 115|0x0000000087300000, 0x0000000087400000, 0x0000000087400000|100%| O|  |TAMS 0x0000000087400000, 0x0000000087300000| Untracked 
| 116|0x0000000087400000, 0x0000000087500000, 0x0000000087500000|100%| O|  |TAMS 0x0000000087500000, 0x0000000087400000| Untracked 
| 117|0x0000000087500000, 0x0000000087600000, 0x0000000087600000|100%| O|  |TAMS 0x0000000087600000, 0x0000000087500000| Untracked 
| 118|0x0000000087600000, 0x0000000087700000, 0x0000000087700000|100%| O|  |TAMS 0x0000000087700000, 0x0000000087600000| Untracked 
| 119|0x0000000087700000, 0x0000000087800000, 0x0000000087800000|100%| O|  |TAMS 0x0000000087800000, 0x0000000087700000| Untracked 
| 120|0x0000000087800000, 0x0000000087900000, 0x0000000087900000|100%| O|  |TAMS 0x0000000087900000, 0x0000000087800000| Untracked 
| 121|0x0000000087900000, 0x0000000087a00000, 0x0000000087a00000|100%| O|  |TAMS 0x0000000087a00000, 0x0000000087900000| Untracked 
| 122|0x0000000087a00000, 0x0000000087b00000, 0x0000000087b00000|100%| O|  |TAMS 0x0000000087b00000, 0x0000000087a00000| Untracked 
| 123|0x0000000087b00000, 0x0000000087c00000, 0x0000000087c00000|100%| O|  |TAMS 0x0000000087c00000, 0x0000000087b00000| Untracked 
| 124|0x0000000087c00000, 0x0000000087d00000, 0x0000000087d00000|100%| O|  |TAMS 0x0000000087d00000, 0x0000000087c00000| Untracked 
| 125|0x0000000087d00000, 0x0000000087e00000, 0x0000000087e00000|100%| O|  |TAMS 0x0000000087e00000, 0x0000000087d00000| Untracked 
| 126|0x0000000087e00000, 0x0000000087f00000, 0x0000000087f00000|100%| O|  |TAMS 0x0000000087f00000, 0x0000000087e00000| Untracked 
| 127|0x0000000087f00000, 0x0000000088000000, 0x0000000088000000|100%| O|  |TAMS 0x0000000088000000, 0x0000000087f00000| Untracked 
| 128|0x0000000088000000, 0x0000000088100000, 0x0000000088100000|100%| O|  |TAMS 0x0000000088100000, 0x0000000088000000| Untracked 
| 129|0x0000000088100000, 0x0000000088200000, 0x0000000088200000|100%| O|  |TAMS 0x0000000088200000, 0x0000000088100000| Untracked 
| 130|0x0000000088200000, 0x0000000088300000, 0x0000000088300000|100%|HS|  |TAMS 0x0000000088300000, 0x0000000088200000| Complete 
| 131|0x0000000088300000, 0x0000000088400000, 0x0000000088400000|100%|HS|  |TAMS 0x0000000088400000, 0x0000000088300000| Complete 
| 132|0x0000000088400000, 0x0000000088500000, 0x0000000088500000|100%| O|  |TAMS 0x0000000088500000, 0x0000000088400000| Untracked 
| 133|0x0000000088500000, 0x0000000088600000, 0x0000000088600000|100%| O|  |TAMS 0x0000000088600000, 0x0000000088500000| Untracked 
| 134|0x0000000088600000, 0x0000000088700000, 0x0000000088700000|100%| O|  |TAMS 0x0000000088700000, 0x0000000088600000| Untracked 
| 135|0x0000000088700000, 0x0000000088800000, 0x0000000088800000|100%| O|  |TAMS 0x0000000088800000, 0x0000000088700000| Untracked 
| 136|0x0000000088800000, 0x0000000088900000, 0x0000000088900000|100%| O|  |TAMS 0x0000000088900000, 0x0000000088800000| Untracked 
| 137|0x0000000088900000, 0x0000000088a00000, 0x0000000088a00000|100%| O|  |TAMS 0x0000000088a00000, 0x0000000088900000| Untracked 
| 138|0x0000000088a00000, 0x0000000088b00000, 0x0000000088b00000|100%| O|  |TAMS 0x0000000088b00000, 0x0000000088a00000| Untracked 
| 139|0x0000000088b00000, 0x0000000088c00000, 0x0000000088c00000|100%|HS|  |TAMS 0x0000000088c00000, 0x0000000088b00000| Complete 
| 140|0x0000000088c00000, 0x0000000088d00000, 0x0000000088d00000|100%|HC|  |TAMS 0x0000000088d00000, 0x0000000088c00000| Complete 
| 141|0x0000000088d00000, 0x0000000088e00000, 0x0000000088e00000|100%|HC|  |TAMS 0x0000000088e00000, 0x0000000088d00000| Complete 
| 142|0x0000000088e00000, 0x0000000088f00000, 0x0000000088f00000|100%| O|  |TAMS 0x0000000088f00000, 0x0000000088e00000| Untracked 
| 143|0x0000000088f00000, 0x0000000089000000, 0x0000000089000000|100%| O|  |TAMS 0x0000000089000000, 0x0000000088f00000| Untracked 
| 144|0x0000000089000000, 0x0000000089100000, 0x0000000089100000|100%| O|  |TAMS 0x0000000089100000, 0x0000000089000000| Untracked 
| 145|0x0000000089100000, 0x0000000089200000, 0x0000000089200000|100%| O|  |TAMS 0x0000000089200000, 0x0000000089100000| Untracked 
| 146|0x0000000089200000, 0x0000000089300000, 0x0000000089300000|100%| O|  |TAMS 0x0000000089300000, 0x0000000089200000| Untracked 
| 147|0x0000000089300000, 0x0000000089400000, 0x0000000089400000|100%| O|  |TAMS 0x0000000089400000, 0x0000000089300000| Untracked 
| 148|0x0000000089400000, 0x0000000089500000, 0x0000000089500000|100%| O|  |TAMS 0x0000000089500000, 0x0000000089400000| Untracked 
| 149|0x0000000089500000, 0x0000000089600000, 0x0000000089600000|100%| O|  |TAMS 0x0000000089600000, 0x0000000089500000| Untracked 
| 150|0x0000000089600000, 0x0000000089700000, 0x0000000089700000|100%| O|  |TAMS 0x0000000089700000, 0x0000000089600000| Untracked 
| 151|0x0000000089700000, 0x0000000089800000, 0x0000000089800000|100%| O|  |TAMS 0x0000000089800000, 0x0000000089700000| Untracked 
| 152|0x0000000089800000, 0x0000000089900000, 0x0000000089900000|100%| O|  |TAMS 0x0000000089900000, 0x0000000089800000| Untracked 
| 153|0x0000000089900000, 0x0000000089a00000, 0x0000000089a00000|100%| O|  |TAMS 0x0000000089a00000, 0x0000000089900000| Untracked 
| 154|0x0000000089a00000, 0x0000000089b00000, 0x0000000089b00000|100%| O|  |TAMS 0x0000000089a94600, 0x0000000089a00000| Untracked 
| 155|0x0000000089b00000, 0x0000000089b91e00, 0x0000000089c00000| 56%| O|  |TAMS 0x0000000089b00000, 0x0000000089b00000| Untracked 
| 156|0x0000000089c00000, 0x0000000089c00000, 0x0000000089d00000|  0%| F|  |TAMS 0x0000000089c00000, 0x0000000089c00000| Untracked 
| 157|0x0000000089d00000, 0x0000000089d00000, 0x0000000089e00000|  0%| F|  |TAMS 0x0000000089d00000, 0x0000000089d00000| Untracked 
| 158|0x0000000089e00000, 0x0000000089e00000, 0x0000000089f00000|  0%| F|  |TAMS 0x0000000089e00000, 0x0000000089e00000| Untracked 
| 159|0x0000000089f00000, 0x0000000089f00000, 0x000000008a000000|  0%| F|  |TAMS 0x0000000089f00000, 0x0000000089f00000| Untracked 
| 160|0x000000008a000000, 0x000000008a000000, 0x000000008a100000|  0%| F|  |TAMS 0x000000008a000000, 0x000000008a000000| Untracked 
| 161|0x000000008a100000, 0x000000008a100000, 0x000000008a200000|  0%| F|  |TAMS 0x000000008a100000, 0x000000008a100000| Untracked 
| 162|0x000000008a200000, 0x000000008a200000, 0x000000008a300000|  0%| F|  |TAMS 0x000000008a200000, 0x000000008a200000| Untracked 
| 163|0x000000008a300000, 0x000000008a300000, 0x000000008a400000|  0%| F|  |TAMS 0x000000008a300000, 0x000000008a300000| Untracked 
| 164|0x000000008a400000, 0x000000008a400000, 0x000000008a500000|  0%| F|  |TAMS 0x000000008a400000, 0x000000008a400000| Untracked 
| 165|0x000000008a500000, 0x000000008a500000, 0x000000008a600000|  0%| F|  |TAMS 0x000000008a500000, 0x000000008a500000| Untracked 
| 166|0x000000008a600000, 0x000000008a600000, 0x000000008a700000|  0%| F|  |TAMS 0x000000008a600000, 0x000000008a600000| Untracked 
| 167|0x000000008a700000, 0x000000008a700000, 0x000000008a800000|  0%| F|  |TAMS 0x000000008a700000, 0x000000008a700000| Untracked 
| 168|0x000000008a800000, 0x000000008a800000, 0x000000008a900000|  0%| F|  |TAMS 0x000000008a800000, 0x000000008a800000| Untracked 
| 169|0x000000008a900000, 0x000000008a900000, 0x000000008aa00000|  0%| F|  |TAMS 0x000000008a900000, 0x000000008a900000| Untracked 
| 170|0x000000008aa00000, 0x000000008aa00000, 0x000000008ab00000|  0%| F|  |TAMS 0x000000008aa00000, 0x000000008aa00000| Untracked 
| 171|0x000000008ab00000, 0x000000008ab00000, 0x000000008ac00000|  0%| F|  |TAMS 0x000000008ab00000, 0x000000008ab00000| Untracked 
| 172|0x000000008ac00000, 0x000000008ac00000, 0x000000008ad00000|  0%| F|  |TAMS 0x000000008ac00000, 0x000000008ac00000| Untracked 
| 173|0x000000008ad00000, 0x000000008ad00000, 0x000000008ae00000|  0%| F|  |TAMS 0x000000008ad00000, 0x000000008ad00000| Untracked 
| 174|0x000000008ae00000, 0x000000008ae00000, 0x000000008af00000|  0%| F|  |TAMS 0x000000008ae00000, 0x000000008ae00000| Untracked 
| 175|0x000000008af00000, 0x000000008af00000, 0x000000008b000000|  0%| F|  |TAMS 0x000000008af00000, 0x000000008af00000| Untracked 
| 176|0x000000008b000000, 0x000000008b000000, 0x000000008b100000|  0%| F|  |TAMS 0x000000008b000000, 0x000000008b000000| Untracked 
| 177|0x000000008b100000, 0x000000008b100000, 0x000000008b200000|  0%| F|  |TAMS 0x000000008b100000, 0x000000008b100000| Untracked 
| 178|0x000000008b200000, 0x000000008b200000, 0x000000008b300000|  0%| F|  |TAMS 0x000000008b200000, 0x000000008b200000| Untracked 
| 179|0x000000008b300000, 0x000000008b300000, 0x000000008b400000|  0%| F|  |TAMS 0x000000008b300000, 0x000000008b300000| Untracked 
| 180|0x000000008b400000, 0x000000008b400000, 0x000000008b500000|  0%| F|  |TAMS 0x000000008b400000, 0x000000008b400000| Untracked 
| 181|0x000000008b500000, 0x000000008b500000, 0x000000008b600000|  0%| F|  |TAMS 0x000000008b500000, 0x000000008b500000| Untracked 
| 182|0x000000008b600000, 0x000000008b600000, 0x000000008b700000|  0%| F|  |TAMS 0x000000008b600000, 0x000000008b600000| Untracked 
| 183|0x000000008b700000, 0x000000008b700000, 0x000000008b800000|  0%| F|  |TAMS 0x000000008b700000, 0x000000008b700000| Untracked 
| 184|0x000000008b800000, 0x000000008b800000, 0x000000008b900000|  0%| F|  |TAMS 0x000000008b800000, 0x000000008b800000| Untracked 
| 185|0x000000008b900000, 0x000000008b900000, 0x000000008ba00000|  0%| F|  |TAMS 0x000000008b900000, 0x000000008b900000| Untracked 
| 186|0x000000008ba00000, 0x000000008bb00000, 0x000000008bb00000|100%| S|CS|TAMS 0x000000008ba00000, 0x000000008ba00000| Complete 
| 187|0x000000008bb00000, 0x000000008bc00000, 0x000000008bc00000|100%| S|CS|TAMS 0x000000008bb00000, 0x000000008bb00000| Complete 
| 188|0x000000008bc00000, 0x000000008bd00000, 0x000000008bd00000|100%| S|CS|TAMS 0x000000008bc00000, 0x000000008bc00000| Complete 
| 189|0x000000008bd00000, 0x000000008be00000, 0x000000008be00000|100%| S|CS|TAMS 0x000000008bd00000, 0x000000008bd00000| Complete 
| 190|0x000000008be00000, 0x000000008bf00000, 0x000000008bf00000|100%| S|CS|TAMS 0x000000008be00000, 0x000000008be00000| Complete 
| 191|0x000000008bf00000, 0x000000008c000000, 0x000000008c000000|100%| S|CS|TAMS 0x000000008bf00000, 0x000000008bf00000| Complete 
| 192|0x000000008c000000, 0x000000008c100000, 0x000000008c100000|100%| S|CS|TAMS 0x000000008c000000, 0x000000008c000000| Complete 
| 193|0x000000008c100000, 0x000000008c100000, 0x000000008c200000|  0%| F|  |TAMS 0x000000008c100000, 0x000000008c100000| Untracked 
| 194|0x000000008c200000, 0x000000008c200000, 0x000000008c300000|  0%| F|  |TAMS 0x000000008c200000, 0x000000008c200000| Untracked 
| 195|0x000000008c300000, 0x000000008c300000, 0x000000008c400000|  0%| F|  |TAMS 0x000000008c300000, 0x000000008c300000| Untracked 
| 196|0x000000008c400000, 0x000000008c400000, 0x000000008c500000|  0%| F|  |TAMS 0x000000008c400000, 0x000000008c400000| Untracked 
| 197|0x000000008c500000, 0x000000008c500000, 0x000000008c600000|  0%| F|  |TAMS 0x000000008c500000, 0x000000008c500000| Untracked 
| 198|0x000000008c600000, 0x000000008c600000, 0x000000008c700000|  0%| F|  |TAMS 0x000000008c600000, 0x000000008c600000| Untracked 
| 199|0x000000008c700000, 0x000000008c700000, 0x000000008c800000|  0%| F|  |TAMS 0x000000008c700000, 0x000000008c700000| Untracked 
| 200|0x000000008c800000, 0x000000008c800000, 0x000000008c900000|  0%| F|  |TAMS 0x000000008c800000, 0x000000008c800000| Untracked 
| 201|0x000000008c900000, 0x000000008c900000, 0x000000008ca00000|  0%| F|  |TAMS 0x000000008c900000, 0x000000008c900000| Untracked 
| 202|0x000000008ca00000, 0x000000008ca00000, 0x000000008cb00000|  0%| F|  |TAMS 0x000000008ca00000, 0x000000008ca00000| Untracked 
| 203|0x000000008cb00000, 0x000000008cb00000, 0x000000008cc00000|  0%| F|  |TAMS 0x000000008cb00000, 0x000000008cb00000| Untracked 
| 204|0x000000008cc00000, 0x000000008cc00000, 0x000000008cd00000|  0%| F|  |TAMS 0x000000008cc00000, 0x000000008cc00000| Untracked 
| 205|0x000000008cd00000, 0x000000008cd00000, 0x000000008ce00000|  0%| F|  |TAMS 0x000000008cd00000, 0x000000008cd00000| Untracked 
| 206|0x000000008ce00000, 0x000000008ce00000, 0x000000008cf00000|  0%| F|  |TAMS 0x000000008ce00000, 0x000000008ce00000| Untracked 
| 207|0x000000008cf00000, 0x000000008cf00000, 0x000000008d000000|  0%| F|  |TAMS 0x000000008cf00000, 0x000000008cf00000| Untracked 
| 208|0x000000008d000000, 0x000000008d000000, 0x000000008d100000|  0%| F|  |TAMS 0x000000008d000000, 0x000000008d000000| Untracked 
| 209|0x000000008d100000, 0x000000008d100000, 0x000000008d200000|  0%| F|  |TAMS 0x000000008d100000, 0x000000008d100000| Untracked 
| 210|0x000000008d200000, 0x000000008d200000, 0x000000008d300000|  0%| F|  |TAMS 0x000000008d200000, 0x000000008d200000| Untracked 
| 211|0x000000008d300000, 0x000000008d300000, 0x000000008d400000|  0%| F|  |TAMS 0x000000008d300000, 0x000000008d300000| Untracked 
| 212|0x000000008d400000, 0x000000008d400000, 0x000000008d500000|  0%| F|  |TAMS 0x000000008d400000, 0x000000008d400000| Untracked 
| 213|0x000000008d500000, 0x000000008d500000, 0x000000008d600000|  0%| F|  |TAMS 0x000000008d500000, 0x000000008d500000| Untracked 
| 214|0x000000008d600000, 0x000000008d600000, 0x000000008d700000|  0%| F|  |TAMS 0x000000008d600000, 0x000000008d600000| Untracked 
| 215|0x000000008d700000, 0x000000008d700000, 0x000000008d800000|  0%| F|  |TAMS 0x000000008d700000, 0x000000008d700000| Untracked 
| 216|0x000000008d800000, 0x000000008d800000, 0x000000008d900000|  0%| F|  |TAMS 0x000000008d800000, 0x000000008d800000| Untracked 
| 217|0x000000008d900000, 0x000000008d900000, 0x000000008da00000|  0%| F|  |TAMS 0x000000008d900000, 0x000000008d900000| Untracked 
| 218|0x000000008da00000, 0x000000008da00000, 0x000000008db00000|  0%| F|  |TAMS 0x000000008da00000, 0x000000008da00000| Untracked 
| 219|0x000000008db00000, 0x000000008db00000, 0x000000008dc00000|  0%| F|  |TAMS 0x000000008db00000, 0x000000008db00000| Untracked 
| 220|0x000000008dc00000, 0x000000008dc00000, 0x000000008dd00000|  0%| F|  |TAMS 0x000000008dc00000, 0x000000008dc00000| Untracked 
| 221|0x000000008dd00000, 0x000000008dd00000, 0x000000008de00000|  0%| F|  |TAMS 0x000000008dd00000, 0x000000008dd00000| Untracked 
| 222|0x000000008de00000, 0x000000008de00000, 0x000000008df00000|  0%| F|  |TAMS 0x000000008de00000, 0x000000008de00000| Untracked 
| 223|0x000000008df00000, 0x000000008df00000, 0x000000008e000000|  0%| F|  |TAMS 0x000000008df00000, 0x000000008df00000| Untracked 
| 224|0x000000008e000000, 0x000000008e000000, 0x000000008e100000|  0%| F|  |TAMS 0x000000008e000000, 0x000000008e000000| Untracked 
| 225|0x000000008e100000, 0x000000008e100000, 0x000000008e200000|  0%| F|  |TAMS 0x000000008e100000, 0x000000008e100000| Untracked 
| 226|0x000000008e200000, 0x000000008e200000, 0x000000008e300000|  0%| F|  |TAMS 0x000000008e200000, 0x000000008e200000| Untracked 
| 227|0x000000008e300000, 0x000000008e300000, 0x000000008e400000|  0%| F|  |TAMS 0x000000008e300000, 0x000000008e300000| Untracked 
| 228|0x000000008e400000, 0x000000008e400000, 0x000000008e500000|  0%| F|  |TAMS 0x000000008e400000, 0x000000008e400000| Untracked 
| 229|0x000000008e500000, 0x000000008e500000, 0x000000008e600000|  0%| F|  |TAMS 0x000000008e500000, 0x000000008e500000| Untracked 
| 230|0x000000008e600000, 0x000000008e600000, 0x000000008e700000|  0%| F|  |TAMS 0x000000008e600000, 0x000000008e600000| Untracked 
| 231|0x000000008e700000, 0x000000008e700000, 0x000000008e800000|  0%| F|  |TAMS 0x000000008e700000, 0x000000008e700000| Untracked 
| 232|0x000000008e800000, 0x000000008e800000, 0x000000008e900000|  0%| F|  |TAMS 0x000000008e800000, 0x000000008e800000| Untracked 
| 233|0x000000008e900000, 0x000000008e900000, 0x000000008ea00000|  0%| F|  |TAMS 0x000000008e900000, 0x000000008e900000| Untracked 
| 234|0x000000008ea00000, 0x000000008ea00000, 0x000000008eb00000|  0%| F|  |TAMS 0x000000008ea00000, 0x000000008ea00000| Untracked 
| 235|0x000000008eb00000, 0x000000008eb00000, 0x000000008ec00000|  0%| F|  |TAMS 0x000000008eb00000, 0x000000008eb00000| Untracked 
| 236|0x000000008ec00000, 0x000000008ec00000, 0x000000008ed00000|  0%| F|  |TAMS 0x000000008ec00000, 0x000000008ec00000| Untracked 
| 237|0x000000008ed00000, 0x000000008ed00000, 0x000000008ee00000|  0%| F|  |TAMS 0x000000008ed00000, 0x000000008ed00000| Untracked 
| 238|0x000000008ee00000, 0x000000008ee00000, 0x000000008ef00000|  0%| F|  |TAMS 0x000000008ee00000, 0x000000008ee00000| Untracked 
| 239|0x000000008ef00000, 0x000000008ef00000, 0x000000008f000000|  0%| F|  |TAMS 0x000000008ef00000, 0x000000008ef00000| Untracked 
| 240|0x000000008f000000, 0x000000008f000000, 0x000000008f100000|  0%| F|  |TAMS 0x000000008f000000, 0x000000008f000000| Untracked 
| 241|0x000000008f100000, 0x000000008f100000, 0x000000008f200000|  0%| F|  |TAMS 0x000000008f100000, 0x000000008f100000| Untracked 
| 242|0x000000008f200000, 0x000000008f200000, 0x000000008f300000|  0%| F|  |TAMS 0x000000008f200000, 0x000000008f200000| Untracked 
| 243|0x000000008f300000, 0x000000008f300000, 0x000000008f400000|  0%| F|  |TAMS 0x000000008f300000, 0x000000008f300000| Untracked 
| 244|0x000000008f400000, 0x000000008f480800, 0x000000008f500000| 50%| E|  |TAMS 0x000000008f400000, 0x000000008f400000| Complete 
| 245|0x000000008f500000, 0x000000008f600000, 0x000000008f600000|100%| E|CS|TAMS 0x000000008f500000, 0x000000008f500000| Complete 

Card table byte_map: [0x000001b9e9cb0000,0x000001b9ea0b0000] _byte_map_base: 0x000001b9e98b0000

Marking Bits (Prev, Next): (CMBitMap*) 0x000001b9d01ff890, (CMBitMap*) 0x000001b9d01ff858
 Prev Bits: [0x000001b9ec4b0000, 0x000001b9ee4b0000)
 Next Bits: [0x000001b9ea4b0000, 0x000001b9ec4b0000)

Polling page: 0x000001b9d02a0000

Metaspace:

Usage:
  Non-class:    105.57 MB capacity,   102.90 MB ( 97%) used,     2.27 MB (  2%) free+waste,   396.56 KB ( <1%) overhead. 
      Class:     17.27 MB capacity,    15.58 MB ( 90%) used,     1.51 MB (  9%) free+waste,   184.44 KB (  1%) overhead. 
       Both:    122.83 MB capacity,   118.48 MB ( 96%) used,     3.79 MB (  3%) free+waste,   581.00 KB ( <1%) overhead. 

Virtual space:
  Non-class space:      106.00 MB reserved,     105.67 MB (>99%) committed 
      Class space:      504.00 MB reserved,      17.38 MB (  3%) committed 
             Both:      610.00 MB reserved,     123.05 MB ( 20%) committed 

Chunk freelists:
   Non-Class:  5.63 KB
       Class:  1.50 KB
        Both:  7.13 KB

CodeHeap 'non-profiled nmethods': size=120000Kb used=9215Kb max_used=9312Kb free=110784Kb
 bounds [0x000001b9e1920000, 0x000001b9e2240000, 0x000001b9e8e50000]
CodeHeap 'profiled nmethods': size=120000Kb used=29278Kb max_used=30948Kb free=90721Kb
 bounds [0x000001b9da3f0000, 0x000001b9dc250000, 0x000001b9e1920000]
CodeHeap 'non-nmethods': size=5760Kb used=2397Kb max_used=2431Kb free=3362Kb
 bounds [0x000001b9d9e50000, 0x000001b9da0c0000, 0x000001b9da3f0000]
 total_blobs=14323 nmethods=13304 adapters=929
 compilation: enabled
              stopped_count=0, restarted_count=0
 full_count=0

Compilation events (10 events):
Event: 69.597 Thread 0x000001b9f1831000 15688       3       org.codehaus.groovy.reflection.CachedClass$2$$Lambda$370/0x00000001004a4c40::test (8 bytes)
Event: 69.598 Thread 0x000001b9f1831000 nmethod 15688 0x000001b9da45fa10 code [0x000001b9da45fbe0, 0x000001b9da45ff30]
Event: 69.598 Thread 0x000001b9f1831000 15689       3       org.codehaus.groovy.reflection.CachedClass$2::lambda$initValue$1 (7 bytes)
Event: 69.598 Thread 0x000001b9f1831000 nmethod 15689 0x000001b9da445f10 code [0x000001b9da4460c0, 0x000001b9da4462b0]
Event: 69.598 Thread 0x000001b9f1831000 15690       3       org.codehaus.groovy.reflection.CachedClass$2$$Lambda$371/0x00000001004a4040::apply (12 bytes)
Event: 69.598 Thread 0x000001b9f1831000 nmethod 15690 0x000001b9da47bb90 code [0x000001b9da47bd60, 0x000001b9da47c258]
Event: 69.598 Thread 0x000001b9f1831000 15691       3       org.codehaus.groovy.reflection.CachedClass$2::lambda$initValue$2 (13 bytes)
Event: 69.598 Thread 0x000001b9f1831000 nmethod 15691 0x000001b9da478310 code [0x000001b9da4784e0, 0x000001b9da478878]
Event: 69.598 Thread 0x000001b9f1831000 15692       3       org.codehaus.groovy.reflection.CachedConstructor::<init> (20 bytes)
Event: 69.599 Thread 0x000001b9f1831000 nmethod 15692 0x000001b9da455190 code [0x000001b9da455340, 0x000001b9da455618]

GC Heap History (10 events):
Event: 65.348 GC heap before
{Heap before GC invocations=22 (full 0):
 garbage-first heap   total 251904K, used 192020K [0x0000000080000000, 0x0000000100000000)
  region size 1024K, 71 young (72704K), 12 survivors (12288K)
 Metaspace       used 111888K, capacity 115832K, committed 116144K, reserved 616448K
  class space    used 14700K, capacity 16265K, committed 16384K, reserved 516096K
}
Event: 65.361 GC heap after
{Heap after GC invocations=23 (full 0):
 garbage-first heap   total 251904K, used 140464K [0x0000000080000000, 0x0000000100000000)
  region size 1024K, 8 young (8192K), 8 survivors (8192K)
 Metaspace       used 111888K, capacity 115832K, committed 116144K, reserved 616448K
  class space    used 14700K, capacity 16265K, committed 16384K, reserved 516096K
}
Event: 65.615 GC heap before
{Heap before GC invocations=24 (full 0):
 garbage-first heap   total 251904K, used 144560K [0x0000000080000000, 0x0000000100000000)
  region size 1024K, 11 young (11264K), 8 survivors (8192K)
 Metaspace       used 111702K, capacity 115467K, committed 116144K, reserved 616448K
  class space    used 14643K, capacity 16123K, committed 16384K, reserved 516096K
}
Event: 65.625 GC heap after
{Heap after GC invocations=25 (full 0):
 garbage-first heap   total 251904K, used 144630K [0x0000000080000000, 0x0000000100000000)
  region size 1024K, 3 young (3072K), 3 survivors (3072K)
 Metaspace       used 111702K, capacity 115467K, committed 116144K, reserved 616448K
  class space    used 14643K, capacity 16123K, committed 16384K, reserved 516096K
}
Event: 66.670 GC heap before
{Heap before GC invocations=26 (full 0):
 garbage-first heap   total 251904K, used 207094K [0x0000000080000000, 0x0000000100000000)
  region size 1024K, 62 young (63488K), 3 survivors (3072K)
 Metaspace       used 114131K, capacity 118094K, committed 118448K, reserved 618496K
  class space    used 14959K, capacity 16524K, committed 16640K, reserved 516096K
}
Event: 66.681 GC heap after
{Heap after GC invocations=27 (full 0):
 garbage-first heap   total 251904K, used 153385K [0x0000000080000000, 0x0000000100000000)
  region size 1024K, 8 young (8192K), 8 survivors (8192K)
 Metaspace       used 114131K, capacity 118094K, committed 118448K, reserved 618496K
  class space    used 14959K, capacity 16524K, committed 16640K, reserved 516096K
}
Event: 67.791 GC heap before
{Heap before GC invocations=28 (full 0):
 garbage-first heap   total 251904K, used 210729K [0x0000000080000000, 0x0000000100000000)
  region size 1024K, 63 young (64512K), 8 survivors (8192K)
 Metaspace       used 117521K, capacity 121821K, committed 122032K, reserved 622592K
  class space    used 15412K, capacity 17080K, committed 17152K, reserved 516096K
}
Event: 67.799 GC heap after
{Heap after GC invocations=29 (full 0):
 garbage-first heap   total 251904K, used 158479K [0x0000000080000000, 0x0000000100000000)
  region size 1024K, 6 young (6144K), 6 survivors (6144K)
 Metaspace       used 117521K, capacity 121821K, committed 122032K, reserved 622592K
  class space    used 15412K, capacity 17080K, committed 17152K, reserved 516096K
}
Event: 68.813 GC heap before
{Heap before GC invocations=29 (full 0):
 garbage-first heap   total 251904K, used 209679K [0x0000000080000000, 0x0000000100000000)
  region size 1024K, 56 young (57344K), 6 survivors (6144K)
 Metaspace       used 119942K, capacity 124337K, committed 124464K, reserved 624640K
  class space    used 15768K, capacity 17470K, committed 17536K, reserved 516096K
}
Event: 68.823 GC heap after
{Heap after GC invocations=30 (full 0):
 garbage-first heap   total 251904K, used 161240K [0x0000000080000000, 0x0000000100000000)
  region size 1024K, 3 young (3072K), 3 survivors (3072K)
 Metaspace       used 119942K, capacity 124337K, committed 124464K, reserved 624640K
  class space    used 15768K, capacity 17470K, committed 17536K, reserved 516096K
}

Deoptimization events (10 events):
Event: 68.365 Thread 0x000001b9f403d000 Uncommon trap: reason=unstable_if action=reinterpret pc=0x000001b9e19e33b0 method=jdk.internal.org.objectweb.asm.ByteVector.putInt(I)Ljdk/internal/org/objectweb/asm/ByteVector; @ 13 c2
Event: 68.417 Thread 0x000001b9f403d000 Uncommon trap: reason=null_check action=make_not_entrant pc=0x000001b9e21e4864 method=org.gradle.internal.instantiation.generator.AbstractClassGenerator$DslMixInPropertyType.visitProperty(Lorg/gradle/internal/instantiation/generator/AbstractClassGenerator
Event: 68.489 Thread 0x000001b9f403d000 Uncommon trap: reason=null_check action=make_not_entrant pc=0x000001b9e21ec418 method=org.gradle.internal.instantiation.generator.AbstractClassGenerator.isPropertyType(Ljava/lang/Class;)Z @ 3 c2
Event: 68.520 Thread 0x000001b9f403d000 Uncommon trap: reason=null_check action=make_not_entrant pc=0x000001b9e21f2100 method=org.gradle.internal.instantiation.generator.AbstractClassGenerator.isPropertyType(Ljava/lang/Class;)Z @ 12 c2
Event: 68.572 Thread 0x000001b9f403d000 Uncommon trap: reason=null_check action=make_not_entrant pc=0x000001b9e21f32dc method=org.gradle.internal.instantiation.generator.AbstractClassGenerator$PropertyMetadata.addGetter(Lorg/gradle/internal/instantiation/generator/AbstractClassGenerator$MethodM
Event: 68.573 Thread 0x000001b9f403d000 Uncommon trap: reason=null_check action=make_not_entrant pc=0x000001b9e21f3c80 method=org.gradle.internal.instantiation.generator.AbstractClassGenerator.isPropertyType(Ljava/lang/Class;)Z @ 21 c2
Event: 68.865 Thread 0x000001b9f403d000 Uncommon trap: reason=null_check action=make_not_entrant pc=0x000001b9e220ba78 method=org.gradle.internal.instantiation.generator.AbstractClassGenerator.isIneligibleForConventionMapping(Lorg/gradle/internal/instantiation/generator/AbstractClassGenerator$P
Event: 69.063 Thread 0x000001b9f403d000 Uncommon trap: reason=null_check action=make_not_entrant pc=0x000001b9e2208fdc method=org.gradle.internal.instantiation.generator.AbstractClassGenerator.isLazyAttachProperty(Lorg/gradle/internal/instantiation/generator/AbstractClassGenerator$PropertyMetad
Event: 69.165 Thread 0x000001b9f403d000 Uncommon trap: reason=unstable_if action=reinterpret pc=0x000001b9e1bd319c method=jdk.internal.org.objectweb.asm.Type.getType([CI)Ljdk/internal/org/objectweb/asm/Type; @ 3 c2
Event: 69.165 Thread 0x000001b9f403d000 Uncommon trap: reason=unstable_if action=reinterpret pc=0x000001b9e219f314 method=jdk.internal.org.objectweb.asm.MethodWriter.visitMethodInsn(ILjava/lang/String;Ljava/lang/String;Ljava/lang/String;Z)V @ 78 c2

Classes redefined (0 events):
No events

Internal exceptions (10 events):
Event: 69.578 Thread 0x000001b9f403d000 Exception <a 'java/lang/ClassNotFoundException'{0x000000008c824b50}: com/android/build/gradle/tasks/ShaderCompileCustomizer> (0x000000008c824b50) thrown at [./open/src/hotspot/share/classfile/systemDictionary.cpp, line 228]
Event: 69.579 Thread 0x000001b9f403d000 Exception <a 'java/lang/ClassNotFoundException'{0x000000008c85e378}: com/android/build/gradle/tasks/ShaderCompile_DecoratedCustomizer> (0x000000008c85e378) thrown at [./open/src/hotspot/share/classfile/systemDictionary.cpp, line 228]
Event: 69.585 Thread 0x000001b9f403d000 Exception <a 'java/lang/ClassNotFoundException'{0x000000008c715df0}: com/android/build/gradle/tasks/CompileLibraryResourcesTask_DecoratedBeanInfo> (0x000000008c715df0) thrown at [./open/src/hotspot/share/classfile/systemDictionary.cpp, line 228]
Event: 69.586 Thread 0x000001b9f403d000 Exception <a 'java/lang/ClassNotFoundException'{0x000000008c732ef8}: com/android/build/gradle/tasks/CompileLibraryResourcesTaskBeanInfo> (0x000000008c732ef8) thrown at [./open/src/hotspot/share/classfile/systemDictionary.cpp, line 228]
Event: 69.586 Thread 0x000001b9f403d000 Exception <a 'java/lang/ClassNotFoundException'{0x000000008c74faa0}: com/android/build/gradle/tasks/CompileLibraryResourcesTaskCustomizer> (0x000000008c74faa0) thrown at [./open/src/hotspot/share/classfile/systemDictionary.cpp, line 228]
Event: 69.588 Thread 0x000001b9f403d000 Exception <a 'java/lang/ClassNotFoundException'{0x000000008c78bb80}: com/android/build/gradle/tasks/CompileLibraryResourcesTask_DecoratedCustomizer> (0x000000008c78bb80) thrown at [./open/src/hotspot/share/classfile/systemDictionary.cpp, line 228]
Event: 69.592 Thread 0x000001b9f403d000 Exception <a 'java/lang/ClassNotFoundException'{0x000000008c638bd0}: com/android/build/gradle/internal/tasks/LintCompile_DecoratedBeanInfo> (0x000000008c638bd0) thrown at [./open/src/hotspot/share/classfile/systemDictionary.cpp, line 228]
Event: 69.592 Thread 0x000001b9f403d000 Exception <a 'java/lang/ClassNotFoundException'{0x000000008c655228}: com/android/build/gradle/internal/tasks/LintCompileBeanInfo> (0x000000008c655228) thrown at [./open/src/hotspot/share/classfile/systemDictionary.cpp, line 228]
Event: 69.593 Thread 0x000001b9f403d000 Exception <a 'java/lang/ClassNotFoundException'{0x000000008c670bb8}: com/android/build/gradle/internal/tasks/LintCompileCustomizer> (0x000000008c670bb8) thrown at [./open/src/hotspot/share/classfile/systemDictionary.cpp, line 228]
Event: 69.594 Thread 0x000001b9f403d000 Exception <a 'java/lang/ClassNotFoundException'{0x000000008c69ccd0}: com/android/build/gradle/internal/tasks/LintCompile_DecoratedCustomizer> (0x000000008c69ccd0) thrown at [./open/src/hotspot/share/classfile/systemDictionary.cpp, line 228]

Events (10 events):
Event: 69.593 loading class com/android/build/gradle/internal/tasks/LintCompile_DecoratedCustomizer
Event: 69.593 loading class com/android/build/gradle/internal/tasks/LintCompile_DecoratedCustomizer done
Event: 69.594 loading class com/android/build/gradle/internal/tasks/LintCompile_DecoratedCustomizer
Event: 69.594 loading class com/android/build/gradle/internal/tasks/LintCompile_DecoratedCustomizer done
Event: 69.594 loading class com/android/build/gradle/internal/tasks/LintCompile_DecoratedCustomizer
Event: 69.594 loading class com/android/build/gradle/internal/tasks/LintCompile_DecoratedCustomizer done
Event: 69.596 loading class groovy/runtime/metaclass/org/gradle/api/reporting/components/ComponentReport_DecoratedMetaClass
Event: 69.596 loading class groovy/runtime/metaclass/org/gradle/api/reporting/components/ComponentReport_DecoratedMetaClass done
Event: 69.599 loading class org/gradle/api/reporting/components/ComponentReport_DecoratedBeanInfo
Event: 69.599 loading class org/gradle/api/reporting/components/ComponentReport_DecoratedBeanInfo done


Dynamic libraries:
0x00007ff67eec0000 - 0x00007ff67eecf000 	C:\Program Files\Java\jdk-11.0.9\bin\java.exe
0x00007ff95ca30000 - 0x00007ff95cc28000 	C:\Windows\SYSTEM32\ntdll.dll
0x00007ff95be80000 - 0x00007ff95bf3d000 	C:\Windows\System32\KERNEL32.DLL
0x00007ff95a500000 - 0x00007ff95a7f6000 	C:\Windows\System32\KERNELBASE.dll
0x00007ff95a340000 - 0x00007ff95a440000 	C:\Windows\System32\ucrtbase.dll
0x00007ff952c70000 - 0x00007ff952c88000 	C:\Program Files\Java\jdk-11.0.9\bin\jli.dll
0x00007ff95bdc0000 - 0x00007ff95be6f000 	C:\Windows\System32\ADVAPI32.dll
0x00007ff95b730000 - 0x00007ff95b7ce000 	C:\Windows\System32\msvcrt.dll
0x00007ff95b0e0000 - 0x00007ff95b17c000 	C:\Windows\System32\sechost.dll
0x00007ff95bc10000 - 0x00007ff95bd36000 	C:\Windows\System32\RPCRT4.dll
0x00007ff95bfb0000 - 0x00007ff95c14e000 	C:\Windows\System32\USER32.dll
0x00007ff95a900000 - 0x00007ff95a922000 	C:\Windows\System32\win32u.dll
0x00007ff95c150000 - 0x00007ff95c17c000 	C:\Windows\System32\GDI32.dll
0x00007ff95a180000 - 0x00007ff95a29a000 	C:\Windows\System32\gdi32full.dll
0x00007ff95a2a0000 - 0x00007ff95a33d000 	C:\Windows\System32\msvcp_win.dll
0x00007ff952c50000 - 0x00007ff952c65000 	C:\Program Files\Java\jdk-11.0.9\bin\VCRUNTIME140.dll
0x00007ff946250000 - 0x00007ff9464ea000 	C:\Windows\WinSxS\amd64_microsoft.windows.common-controls_6595b64144ccf1df_6.0.19041.3636_none_60b6a03d71f818d5\COMCTL32.dll
0x00007ff953610000 - 0x00007ff95361a000 	C:\Windows\SYSTEM32\VERSION.dll
0x00007ff95aa90000 - 0x00007ff95aac0000 	C:\Windows\System32\IMM32.DLL
0x00007ff942490000 - 0x00007ff94252b000 	C:\Program Files\Java\jdk-11.0.9\bin\msvcp140.dll
0x00007ff8f73d0000 - 0x00007ff8f7ec7000 	C:\Program Files\Java\jdk-11.0.9\bin\server\jvm.dll
0x00007ff95be70000 - 0x00007ff95be78000 	C:\Windows\System32\PSAPI.DLL
0x00007ff947f50000 - 0x00007ff947f59000 	C:\Windows\SYSTEM32\WSOCK32.dll
0x00007ff957120000 - 0x00007ff957147000 	C:\Windows\SYSTEM32\WINMM.dll
0x00007ff95ba60000 - 0x00007ff95bacb000 	C:\Windows\System32\WS2_32.dll
0x00007ff958960000 - 0x00007ff958972000 	C:\Windows\SYSTEM32\kernel.appcore.dll
0x00007ff952c40000 - 0x00007ff952c50000 	C:\Program Files\Java\jdk-11.0.9\bin\verify.dll
0x00007ff957ed0000 - 0x00007ff9580b4000 	C:\Windows\SYSTEM32\DBGHELP.DLL
0x00007ff9570c0000 - 0x00007ff9570f4000 	C:\Windows\SYSTEM32\dbgcore.DLL
0x00007ff95a440000 - 0x00007ff95a4c2000 	C:\Windows\System32\bcryptPrimitives.dll
0x00007ff952c10000 - 0x00007ff952c38000 	C:\Program Files\Java\jdk-11.0.9\bin\java.dll
0x00007ff94ace0000 - 0x00007ff94acea000 	C:\Program Files\Java\jdk-11.0.9\bin\jimage.dll
0x00007ff942720000 - 0x00007ff942736000 	C:\Program Files\Java\jdk-11.0.9\bin\zip.dll
0x00007ff95c180000 - 0x00007ff95c8c4000 	C:\Windows\System32\SHELL32.dll
0x00007ff9580c0000 - 0x00007ff95885b000 	C:\Windows\SYSTEM32\windows.storage.dll
0x00007ff95aac0000 - 0x00007ff95ae14000 	C:\Windows\System32\combase.dll
0x00007ff959b50000 - 0x00007ff959b7d000 	C:\Windows\SYSTEM32\Wldp.dll
0x00007ff95afd0000 - 0x00007ff95b07d000 	C:\Windows\System32\SHCORE.dll
0x00007ff95bf50000 - 0x00007ff95bfa5000 	C:\Windows\System32\shlwapi.dll
0x00007ff95a040000 - 0x00007ff95a065000 	C:\Windows\SYSTEM32\profapi.dll
0x00007ff942470000 - 0x00007ff942489000 	C:\Program Files\Java\jdk-11.0.9\bin\net.dll
0x00007ff9540c0000 - 0x00007ff9541ca000 	C:\Windows\SYSTEM32\WINHTTP.dll
0x00007ff9598b0000 - 0x00007ff95991a000 	C:\Windows\system32\mswsock.dll
0x00007ff942450000 - 0x00007ff942462000 	C:\Program Files\Java\jdk-11.0.9\bin\nio.dll
0x00007ff942420000 - 0x00007ff942447000 	C:\Users\Ana\.gradle\native\68d5fa5c4cc2d200863cafc0d521ce42e7d3e7ee720ec0a83991735586a16f82\windows-amd64\native-platform.dll
0x00007ff9239b0000 - 0x00007ff923af4000 	C:\Users\Ana\.gradle\native\e376f236ea51e6404a007f0833ffe2c6e607c4080706a723a18a27aeea778392\windows-amd64\native-platform-file-events.dll
0x00007ff948190000 - 0x00007ff948199000 	C:\Program Files\Java\jdk-11.0.9\bin\management.dll
0x00007ff947990000 - 0x00007ff94799b000 	C:\Program Files\Java\jdk-11.0.9\bin\management_ext.dll
0x00007ff959aa0000 - 0x00007ff959ab8000 	C:\Windows\SYSTEM32\CRYPTSP.dll
0x00007ff959110000 - 0x00007ff959144000 	C:\Windows\system32\rsaenh.dll
0x00007ff95a4d0000 - 0x00007ff95a4f7000 	C:\Windows\System32\bcrypt.dll
0x00007ff95a000000 - 0x00007ff95a02e000 	C:\Windows\SYSTEM32\USERENV.dll
0x00007ff959ac0000 - 0x00007ff959acc000 	C:\Windows\SYSTEM32\CRYPTBASE.dll
0x00007ff959530000 - 0x00007ff95956b000 	C:\Windows\SYSTEM32\IPHLPAPI.DLL
0x00007ff95bc00000 - 0x00007ff95bc08000 	C:\Windows\System32\NSI.dll
0x00007ff9535d0000 - 0x00007ff9535e7000 	C:\Windows\SYSTEM32\dhcpcsvc6.DLL
0x00007ff9535b0000 - 0x00007ff9535cd000 	C:\Windows\SYSTEM32\dhcpcsvc.DLL
0x00007ff959570000 - 0x00007ff95963a000 	C:\Windows\SYSTEM32\DNSAPI.dll
0x00007ff9423f0000 - 0x00007ff942415000 	C:\Program Files\Java\jdk-11.0.9\bin\sunec.dll
0x00007ff950530000 - 0x00007ff95053a000 	C:\Windows\System32\rasadhlp.dll
0x00007ff9506f0000 - 0x00007ff950770000 	C:\Windows\System32\fwpuclnt.dll
0x00007ff946160000 - 0x00007ff94616d000 	C:\Program Files\Java\jdk-11.0.9\bin\sunmscapi.dll
0x00007ff95a930000 - 0x00007ff95aa8d000 	C:\Windows\System32\CRYPT32.dll
0x00007ff959bc0000 - 0x00007ff959be7000 	C:\Windows\SYSTEM32\ncrypt.dll
0x00007ff959b80000 - 0x00007ff959bbb000 	C:\Windows\SYSTEM32\NTASN1.dll

dbghelp: loaded successfully - version: 4.0.5 - missing functions: none
symbol engine: initialized successfully - sym options: 0x614 - pdb path: .;C:\Program Files\Java\jdk-11.0.9\bin;C:\Windows\SYSTEM32;C:\Windows\WinSxS\amd64_microsoft.windows.common-controls_6595b64144ccf1df_6.0.19041.3636_none_60b6a03d71f818d5;C:\Program Files\Java\jdk-11.0.9\bin\server;C:\Users\Ana\.gradle\native\68d5fa5c4cc2d200863cafc0d521ce42e7d3e7ee720ec0a83991735586a16f82\windows-amd64;C:\Users\Ana\.gradle\native\e376f236ea51e6404a007f0833ffe2c6e607c4080706a723a18a27aeea778392\windows-amd64

VM Arguments:
jvm_args: -XX:MaxMetaspaceSize=512m --add-opens=java.base/java.util=ALL-UNNAMED --add-opens=java.base/java.lang=ALL-UNNAMED --add-opens=java.base/java.lang.invoke=ALL-UNNAMED --add-opens=java.prefs/java.util.prefs=ALL-UNNAMED --add-opens=java.base/java.nio.charset=ALL-UNNAMED --add-opens=java.base/java.net=ALL-UNNAMED --add-opens=java.base/java.util.concurrent.atomic=ALL-UNNAMED -Xmx2048m -Dfile.encoding=windows-1252 -Duser.country=US -Duser.language=en -Duser.variant 
java_command: org.gradle.launcher.daemon.bootstrap.GradleDaemon 8.0.1
java_class_path (initial): C:\Users\Ana\.gradle\wrapper\dists\gradle-8.0.1-all\aro4hu1c3oeioove7l0i4i14o\gradle-8.0.1\lib\gradle-launcher-8.0.1.jar
Launcher Type: SUN_STANDARD

[Global flags]
     intx CICompilerCount                          = 4                                         {product} {ergonomic}
   size_t CompressedClassSpaceSize                 = 528482304                                 {product} {ergonomic}
     uint ConcGCThreads                            = 2                                         {product} {ergonomic}
     uint G1ConcRefinementThreads                  = 8                                         {product} {ergonomic}
   size_t G1HeapRegionSize                         = 1048576                                   {product} {ergonomic}
    uintx GCDrainStackTargetSize                   = 64                                        {product} {ergonomic}
   size_t InitialHeapSize                          = 257949696                                 {product} {ergonomic}
   size_t MarkStackSize                            = 4194304                                   {product} {ergonomic}
   size_t MaxHeapSize                              = 2147483648                                {product} {command line}
   size_t MaxMetaspaceSize                         = 536870912                                 {product} {command line}
   size_t MaxNewSize                               = 1287651328                                {product} {ergonomic}
   size_t MinHeapDeltaBytes                        = 1048576                                   {product} {ergonomic}
    uintx NonNMethodCodeHeapSize                   = 5836300                                {pd product} {ergonomic}
    uintx NonProfiledCodeHeapSize                  = 122910970                              {pd product} {ergonomic}
    uintx ProfiledCodeHeapSize                     = 122910970                              {pd product} {ergonomic}
    uintx ReservedCodeCacheSize                    = 251658240                              {pd product} {ergonomic}
     bool SegmentedCodeCache                       = true                                      {product} {ergonomic}
     bool UseCompressedClassPointers               = true                                 {lp64_product} {ergonomic}
     bool UseCompressedOops                        = true                                 {lp64_product} {ergonomic}
     bool UseG1GC                                  = true                                      {product} {ergonomic}
     bool UseLargePagesIndividualAllocation        = false                                  {pd product} {ergonomic}

Logging:
Log output configuration:
 #0: stdout all=warning uptime,level,tags
 #1: stderr all=off uptime,level,tags

Environment Variables:
JAVA_HOME=C:\Program Files\Java\jdk-11.0.9
CLASSPATH=D:\Master\BDSA\Disertatie\aplicatie\singlebeat\android\\gradle\wrapper\gradle-wrapper.jar
PATH=D:\Master\BDSA\Disertatie\aplicatie\singlebeat\node_modules\.bin;D:\Master\BDSA\Disertatie\aplicatie\singlebeat\node_modules\.bin;D:\Master\BDSA\Disertatie\aplicatie\node_modules\.bin;D:\Master\BDSA\Disertatie\node_modules\.bin;D:\Master\BDSA\node_modules\.bin;D:\Master\node_modules\.bin;D:\node_modules\.bin;D:\nodejs\node_modules\npm\node_modules\@npmcli\run-script\lib\node-gyp-bin;D:\Downloads\Kit21c\bin;D:\VMWare\bin\;C:\Program Files\Java\jdk-11.0.9\bin;C:\Program Files\Java\jdk1.8.0_291\bin\bin;D:\app\Ana\product\11.2.0\dbhome_1\bin;C:\Program Files\Java\jdk-11.0.9\bin;C:\Windows\system32;C:\Windows;C:\Windows\System32\Wbem;C:\Windows\System32\WindowsPowerShell\v1.0\;C:\Windows\System32\OpenSSH\;C:\Program Files\Microsoft SQL Server\130\Tools\Binn\;C:\Program Files\SourceGear\Common\DiffMerge\;D:\Windows Kits\10\Windows Performance Toolkit\;C:\Program Files (x86)\Yarn\bin\;D:\xampp\php;C:\Users\Ana\AppData\Roaming\Composer\vendor\bin;D:\xampp\apache\bin;C:\Users\Ana\AppData\Local\Microsoft\WindowsApps;C:\Users\Ana\AppData\Local\Programs\Microsoft VS Code\bin;C:\Users\Ana\AppData\Roaming\npm;C:\Program Files\Oracle\instantclient_12_2;D:\heroku\bin;C:\Users\Ana\.dotnet\tools;C:\U;D:\Python38\;D:\Python38\Scripts\;D:\Master\An 2\Semestrul 2\WMDA\Curs 1\extraction\geckodriver.exe;D:\Python38\Lib\site-packages\graphviz;D:\PuTTY\;D:\instantclient\instantclient_21_10;D:\nodejs\;C:\Users\Ana\AppData\Local\Android\Sdk\platform-tools;D:\Git\cmd;D:\Python38\Scripts\;D:\Python38\;C:\Program Files\Java\jdk-11.0.9\bin;C:\Program Files\Java\jdk1.8.0_291\bin\bin;D:\app\Ana\product\11.2.0\dbhome_1\bin;C:\Program Files\Java\jdk-11.0.9\bin;C:\Windows\system32;C:\Windows;C:\Windows\System32\Wbem;C:\Windows\System32\WindowsPowerShell\v1.0\;C:\Windows\System32\OpenSSH\;C:\Program Files\Microsoft SQL Server\130\Tools\Binn\;C:\Program Files\Microsoft SQL Server\Client SDK\ODBC\170\Tools\Binn\;C:\Program Files\nodejs\;C:\Program Files\SourceGear\Common\DiffMerge\;C:\Program Files\dot
USERNAME=Ana
OS=Windows_NT
PROCESSOR_IDENTIFIER=Intel64 Family 6 Model 126 Stepping 5, GenuineIntel



---------------  S Y S T E M  ---------------

OS: Windows 10 , 64 bit Build 19041 (10.0.19041.3636)

CPU:total 8 (initial active 8) (4 cores per cpu, 2 threads per core) family 6 model 126 stepping 5, cmov, cx8, fxsr, mmx, sse, sse2, sse3, ssse3, sse4.1, sse4.2, popcnt, avx, avx2, aes, clmul, erms, 3dnowpref, lzcnt, ht, tsc, tscinvbit, bmi1, bmi2, adx, evex, sha, fma

Memory: 4k page, system-wide physical 15617M (2230M free)
TotalPageFile size 17441M (AvailPageFile size 2M)
current process WorkingSet (physical memory assigned to process): 563M, peak: 563M
current process commit charge ("private bytes"): 618M, peak: 619M

vm_info: Java HotSpot(TM) 64-Bit Server VM (11.0.9+7-LTS) for windows-amd64 JRE (11.0.9+7-LTS), built on Sep 15 2020 16:47:03 by "mach5one" with MS VC++ 15.9 (VS2017)

END.
