#
# There is insufficient memory for the Java Runtime Environment to continue.
# Native memory allocation (malloc) failed to allocate 1048576 bytes for AllocateHeap
# Possible reasons:
#   The system is out of physical RAM or swap space
#   The process is running with CompressedOops enabled, and the Java Heap may be blocking the growth of the native heap
# Possible solutions:
#   Reduce memory load on the system
#   Increase physical memory or swap space
#   Check if swap backing store is full
#   Decrease Java heap size (-Xmx/-Xms)
#   Decrease number of Java threads
#   Decrease Java thread stack sizes (-Xss)
#   Set larger code cache with -XX:ReservedCodeCacheSize=
#   JVM is running with Unscaled Compressed Oops mode in which the Java heap is
#     placed in the first 4GB address space. The Java Heap base address is the
#     maximum limit for the native heap growth. Please use -XX:HeapBaseMinAddress
#     to set the Java Heap base and to place the Java Heap above 4GB virtual address.
# This output file may be truncated or incomplete.
#
#  Out of Memory Error (./open/src/hotspot/share/memory/allocation.cpp:46), pid=12088, tid=14652
#
# JRE version: Java(TM) SE Runtime Environment 18.9 (11.0.9+7) (build 11.0.9+7-LTS)
# Java VM: Java HotSpot(TM) 64-Bit Server VM 18.9 (11.0.9+7-LTS, mixed mode, tiered, compressed oops, g1 gc, windows-amd64)
# No core dump will be written. Minidumps are not enabled by default on client versions of Windows
#

---------------  S U M M A R Y ------------

Command Line: -Xmx64m -Xms64m -Dorg.gradle.appname=gradlew org.gradle.wrapper.GradleWrapperMain tasks

Host: Intel(R) Core(TM) i5-1035G1 CPU @ 1.00GHz, 8 cores, 15G,  Windows 10 , 64 bit Build 19041 (10.0.19041.3155)
Time: Sat Sep  2 20:00:45 2023 GTB Daylight Time elapsed time: 1.859624 seconds (0d 0h 0m 1s)

---------------  T H R E A D  ---------------

Current thread (0x000001e851c89000):  VMThread "VM Thread" [stack: 0x00000004a8900000,0x00000004a8a00000] [id=14652]

Stack: [0x00000004a8900000,0x00000004a8a00000]
[error occurred during error reporting (printing stack bounds), id 0xc0000005, EXCEPTION_ACCESS_VIOLATION (0xc0000005) at pc=0x000001e83ee20f67]

Native frames: (J=compiled Java code, j=interpreted, Vv=VM code, C=native code)
V  [jvm.dll+0x611a3a]
V  [jvm.dll+0x748aaf]
V  [jvm.dll+0x74a135]
V  [jvm.dll+0x74a715]
V  [jvm.dll+0x74a6cb]
V  [jvm.dll+0x611323]
V  [jvm.dll+0x6116e8]
C  [ntdll.dll+0xa23af]
C  [ntdll.dll+0x514b4]
C  [ntdll.dll+0xa0ebe]
C  0x000001e83ee20f67

VM_Operation (0x00000004a83f7cd0): CollectForMetadataAllocation, mode: safepoint, requested by thread 0x000001e83519f000


---------------  P R O C E S S  ---------------

Threads class SMR info:
_java_thread_list=0x000001e852afe650, length=11, elements={
0x000001e83519f000, 0x000001e851c8c800, 0x000001e851c8e000, 0x000001e851d1c800,
0x000001e851d20000, 0x000001e851d22000, 0x000001e851d23000, 0x000001e851cd5000,
0x000001e851f8f000, 0x000001e851fa2800, 0x000001e852eec000
}

Java Threads: ( => current thread )
  0x000001e83519f000 JavaThread "main" [_thread_blocked, id=13648, stack(0x00000004a8300000,0x00000004a8400000)]
  0x000001e851c8c800 JavaThread "Reference Handler" daemon [_thread_blocked, id=3676, stack(0x00000004a8a00000,0x00000004a8b00000)]
  0x000001e851c8e000 JavaThread "Finalizer" daemon [_thread_blocked, id=16760, stack(0x00000004a8b00000,0x00000004a8c00000)]
  0x000001e851d1c800 JavaThread "Signal Dispatcher" daemon [_thread_blocked, id=12684, stack(0x00000004a8c00000,0x00000004a8d00000)]
  0x000001e851d20000 JavaThread "Attach Listener" daemon [_thread_blocked, id=16668, stack(0x00000004a8d00000,0x00000004a8e00000)]
  0x000001e851d22000 JavaThread "C2 CompilerThread0" daemon [_thread_blocked, id=17592, stack(0x00000004a8e00000,0x00000004a8f00000)]
  0x000001e851d23000 JavaThread "C1 CompilerThread0" daemon [_thread_blocked, id=7236, stack(0x00000004a8f00000,0x00000004a9000000)]
  0x000001e851cd5000 JavaThread "Sweeper thread" daemon [_thread_blocked, id=16396, stack(0x00000004a9000000,0x00000004a9100000)]
  0x000001e851f8f000 JavaThread "Service Thread" daemon [_thread_blocked, id=2564, stack(0x00000004a9100000,0x00000004a9200000)]
  0x000001e851fa2800 JavaThread "Common-Cleaner" daemon [_thread_blocked, id=6076, stack(0x00000004a9300000,0x00000004a9400000)]
  0x000001e852eec000 JavaThread "pool-1-thread-1" [_thread_blocked, id=16808, stack(0x00000004a9600000,0x00000004a9700000)]

Other Threads:
=>0x000001e851c89000 VMThread "VM Thread" [stack: 0x00000004a8900000,0x00000004a8a00000] [id=14652]
  0x000001e851fa2000 WatcherThread [stack: 0x00000004a9200000,0x00000004a9300000] [id=10068]
  0x000001e8351b3000 GCTaskThread "GC Thread#0" [stack: 0x00000004a8400000,0x00000004a8500000] [id=2300]
  0x000001e852d12000 GCTaskThread "GC Thread#1" [stack: 0x00000004a9500000,0x00000004a9600000] [id=5348]
  0x000001e852d11000 GCTaskThread "GC Thread#2" [stack: 0x00000004a9400000,0x00000004a9500000] [id=1944]
  0x000001e8351bb000 ConcurrentGCThread "G1 Main Marker" [stack: 0x00000004a8500000,0x00000004a8600000] [id=15116]
  0x000001e8351be800 ConcurrentGCThread "G1 Conc#0" [stack: 0x00000004a8600000,0x00000004a8700000] [id=8428]
  0x000001e852d13800 ConcurrentGCThread "G1 Conc#1" [stack: 0x00000004a9700000,0x00000004a9800000] [id=8928]
  0x000001e835227800 ConcurrentGCThread "G1 Refine#0" [stack: 0x00000004a8700000,0x00000004a8800000] [id=16064]
  0x000001e835229000 ConcurrentGCThread "G1 Young RemSet Sampling" [stack: 0x00000004a8800000,0x00000004a8900000] [id=13976]

Threads with active compile tasks:

VM state:at safepoint (normal execution)

VM Mutex/Monitor currently owned by a thread:  ([mutex/lock_event])
[0x000001e83519ab50] Threads_lock - owner thread: 0x000001e851c89000
[0x000001e83519a2e0] Heap_lock - owner thread: 0x000001e83519f000

Heap address: 0x00000000fc000000, size: 64 MB, Compressed Oops mode: 32-bit
Narrow klass base: 0x0000000000000000, Narrow klass shift: 3
Compressed class space size: 1073741824 Address: 0x0000000100000000

Heap:
 garbage-first heap   total 65536K, used 11201K [0x00000000fc000000, 0x0000000100000000)
  region size 1024K, 1 young (1024K), 1 survivors (1024K)
 Metaspace       used 14582K, capacity 14868K, committed 14976K, reserved 1079296K
  class space    used 1694K, capacity 1832K, committed 1920K, reserved 1048576K
Heap Regions: E=young(eden), S=young(survivor), O=old, HS=humongous(starts), HC=humongous(continues), CS=collection set, F=free, A=archive, TAMS=top-at-mark-start (previous, next)
|   0|0x00000000fc000000, 0x00000000fc100000, 0x00000000fc100000|100%|HS|  |TAMS 0x00000000fc100000, 0x00000000fc100000| Complete 
|   1|0x00000000fc100000, 0x00000000fc200000, 0x00000000fc200000|100%|HC|  |TAMS 0x00000000fc200000, 0x00000000fc200000| Complete 
|   2|0x00000000fc200000, 0x00000000fc300000, 0x00000000fc300000|100%|HC|  |TAMS 0x00000000fc300000, 0x00000000fc300000| Complete 
|   3|0x00000000fc300000, 0x00000000fc400000, 0x00000000fc400000|100%|HC|  |TAMS 0x00000000fc400000, 0x00000000fc400000| Complete 
|   4|0x00000000fc400000, 0x00000000fc500000, 0x00000000fc500000|100%| O|  |TAMS 0x00000000fc500000, 0x00000000fc500000| Untracked 
|   5|0x00000000fc500000, 0x00000000fc600000, 0x00000000fc600000|100%| O|  |TAMS 0x00000000fc600000, 0x00000000fc600000| Untracked 
|   6|0x00000000fc600000, 0x00000000fc700000, 0x00000000fc700000|100%| O|  |TAMS 0x00000000fc700000, 0x00000000fc700000| Untracked 
|   7|0x00000000fc700000, 0x00000000fc800000, 0x00000000fc800000|100%| O|  |TAMS 0x00000000fc800000, 0x00000000fc800000| Untracked 
|   8|0x00000000fc800000, 0x00000000fc900000, 0x00000000fc900000|100%| O|  |TAMS 0x00000000fc900000, 0x00000000fc900000| Untracked 
|   9|0x00000000fc900000, 0x00000000fca00000, 0x00000000fca00000|100%| O|  |TAMS 0x00000000fca00000, 0x00000000fca00000| Untracked 
|  10|0x00000000fca00000, 0x00000000fca10400, 0x00000000fcb00000|  6%| O|  |TAMS 0x00000000fca10400, 0x00000000fca10400| Untracked 
|  11|0x00000000fcb00000, 0x00000000fcb00000, 0x00000000fcc00000|  0%| F|  |TAMS 0x00000000fcb00000, 0x00000000fcb00000| Untracked 
|  12|0x00000000fcc00000, 0x00000000fcc00000, 0x00000000fcd00000|  0%| F|  |TAMS 0x00000000fcc00000, 0x00000000fcc00000| Untracked 
|  13|0x00000000fcd00000, 0x00000000fcd00000, 0x00000000fce00000|  0%| F|  |TAMS 0x00000000fcd00000, 0x00000000fcd00000| Untracked 
|  14|0x00000000fce00000, 0x00000000fce00000, 0x00000000fcf00000|  0%| F|  |TAMS 0x00000000fce00000, 0x00000000fce00000| Untracked 
|  15|0x00000000fcf00000, 0x00000000fcf00000, 0x00000000fd000000|  0%| F|  |TAMS 0x00000000fcf00000, 0x00000000fcf00000| Untracked 
|  16|0x00000000fd000000, 0x00000000fd000000, 0x00000000fd100000|  0%| F|  |TAMS 0x00000000fd000000, 0x00000000fd000000| Untracked 
|  17|0x00000000fd100000, 0x00000000fd100000, 0x00000000fd200000|  0%| F|  |TAMS 0x00000000fd100000, 0x00000000fd100000| Untracked 
|  18|0x00000000fd200000, 0x00000000fd200000, 0x00000000fd300000|  0%| F|  |TAMS 0x00000000fd200000, 0x00000000fd200000| Untracked 
|  19|0x00000000fd300000, 0x00000000fd300000, 0x00000000fd400000|  0%| F|  |TAMS 0x00000000fd300000, 0x00000000fd300000| Untracked 
|  20|0x00000000fd400000, 0x00000000fd400000, 0x00000000fd500000|  0%| F|  |TAMS 0x00000000fd400000, 0x00000000fd400000| Untracked 
|  21|0x00000000fd500000, 0x00000000fd500000, 0x00000000fd600000|  0%| F|  |TAMS 0x00000000fd500000, 0x00000000fd500000| Untracked 
|  22|0x00000000fd600000, 0x00000000fd600000, 0x00000000fd700000|  0%| F|  |TAMS 0x00000000fd600000, 0x00000000fd600000| Untracked 
|  23|0x00000000fd700000, 0x00000000fd700000, 0x00000000fd800000|  0%| F|  |TAMS 0x00000000fd700000, 0x00000000fd700000| Untracked 
|  24|0x00000000fd800000, 0x00000000fd800000, 0x00000000fd900000|  0%| F|  |TAMS 0x00000000fd800000, 0x00000000fd800000| Untracked 
|  25|0x00000000fd900000, 0x00000000fd900000, 0x00000000fda00000|  0%| F|  |TAMS 0x00000000fd900000, 0x00000000fd900000| Untracked 
|  26|0x00000000fda00000, 0x00000000fda00000, 0x00000000fdb00000|  0%| F|  |TAMS 0x00000000fda00000, 0x00000000fda00000| Untracked 
|  27|0x00000000fdb00000, 0x00000000fdb00000, 0x00000000fdc00000|  0%| F|  |TAMS 0x00000000fdb00000, 0x00000000fdb00000| Untracked 
|  28|0x00000000fdc00000, 0x00000000fdc00000, 0x00000000fdd00000|  0%| F|  |TAMS 0x00000000fdc00000, 0x00000000fdc00000| Untracked 
|  29|0x00000000fdd00000, 0x00000000fdd00000, 0x00000000fde00000|  0%| F|  |TAMS 0x00000000fdd00000, 0x00000000fdd00000| Untracked 
|  30|0x00000000fde00000, 0x00000000fde00000, 0x00000000fdf00000|  0%| F|  |TAMS 0x00000000fde00000, 0x00000000fde00000| Untracked 
|  31|0x00000000fdf00000, 0x00000000fdf00000, 0x00000000fe000000|  0%| F|  |TAMS 0x00000000fdf00000, 0x00000000fdf00000| Untracked 
|  32|0x00000000fe000000, 0x00000000fe000000, 0x00000000fe100000|  0%| F|  |TAMS 0x00000000fe000000, 0x00000000fe000000| Untracked 
|  33|0x00000000fe100000, 0x00000000fe100000, 0x00000000fe200000|  0%| F|  |TAMS 0x00000000fe100000, 0x00000000fe100000| Untracked 
|  34|0x00000000fe200000, 0x00000000fe200000, 0x00000000fe300000|  0%| F|  |TAMS 0x00000000fe200000, 0x00000000fe200000| Untracked 
|  35|0x00000000fe300000, 0x00000000fe300000, 0x00000000fe400000|  0%| F|  |TAMS 0x00000000fe300000, 0x00000000fe300000| Untracked 
|  36|0x00000000fe400000, 0x00000000fe400000, 0x00000000fe500000|  0%| F|  |TAMS 0x00000000fe400000, 0x00000000fe400000| Untracked 
|  37|0x00000000fe500000, 0x00000000fe500000, 0x00000000fe600000|  0%| F|  |TAMS 0x00000000fe500000, 0x00000000fe500000| Untracked 
|  38|0x00000000fe600000, 0x00000000fe600000, 0x00000000fe700000|  0%| F|  |TAMS 0x00000000fe600000, 0x00000000fe600000| Untracked 
|  39|0x00000000fe700000, 0x00000000fe700000, 0x00000000fe800000|  0%| F|  |TAMS 0x00000000fe700000, 0x00000000fe700000| Untracked 
|  40|0x00000000fe800000, 0x00000000fe800000, 0x00000000fe900000|  0%| F|  |TAMS 0x00000000fe800000, 0x00000000fe800000| Untracked 
|  41|0x00000000fe900000, 0x00000000fe900000, 0x00000000fea00000|  0%| F|  |TAMS 0x00000000fe900000, 0x00000000fe900000| Untracked 
|  42|0x00000000fea00000, 0x00000000fea00000, 0x00000000feb00000|  0%| F|  |TAMS 0x00000000fea00000, 0x00000000fea00000| Untracked 
|  43|0x00000000feb00000, 0x00000000feb00000, 0x00000000fec00000|  0%| F|  |TAMS 0x00000000feb00000, 0x00000000feb00000| Untracked 
|  44|0x00000000fec00000, 0x00000000fec00000, 0x00000000fed00000|  0%| F|  |TAMS 0x00000000fec00000, 0x00000000fec00000| Untracked 
|  45|0x00000000fed00000, 0x00000000fed00000, 0x00000000fee00000|  0%| F|  |TAMS 0x00000000fed00000, 0x00000000fed00000| Untracked 
|  46|0x00000000fee00000, 0x00000000fee00000, 0x00000000fef00000|  0%| F|  |TAMS 0x00000000fee00000, 0x00000000fee00000| Untracked 
|  47|0x00000000fef00000, 0x00000000fef00000, 0x00000000ff000000|  0%| F|  |TAMS 0x00000000fef00000, 0x00000000fef00000| Untracked 
|  48|0x00000000ff000000, 0x00000000ff000000, 0x00000000ff100000|  0%| F|  |TAMS 0x00000000ff000000, 0x00000000ff000000| Untracked 
|  49|0x00000000ff100000, 0x00000000ff100000, 0x00000000ff200000|  0%| F|  |TAMS 0x00000000ff100000, 0x00000000ff100000| Untracked 
|  50|0x00000000ff200000, 0x00000000ff200000, 0x00000000ff300000|  0%| F|  |TAMS 0x00000000ff200000, 0x00000000ff200000| Untracked 
|  51|0x00000000ff300000, 0x00000000ff300000, 0x00000000ff400000|  0%| F|  |TAMS 0x00000000ff300000, 0x00000000ff300000| Untracked 
|  52|0x00000000ff400000, 0x00000000ff400000, 0x00000000ff500000|  0%| F|  |TAMS 0x00000000ff400000, 0x00000000ff400000| Untracked 
|  53|0x00000000ff500000, 0x00000000ff500000, 0x00000000ff600000|  0%| F|  |TAMS 0x00000000ff500000, 0x00000000ff500000| Untracked 
|  54|0x00000000ff600000, 0x00000000ff600000, 0x00000000ff700000|  0%| F|  |TAMS 0x00000000ff600000, 0x00000000ff600000| Untracked 
|  55|0x00000000ff700000, 0x00000000ff700000, 0x00000000ff800000|  0%| F|  |TAMS 0x00000000ff700000, 0x00000000ff700000| Untracked 
|  56|0x00000000ff800000, 0x00000000ff800000, 0x00000000ff900000|  0%| F|  |TAMS 0x00000000ff800000, 0x00000000ff800000| Untracked 
|  57|0x00000000ff900000, 0x00000000ff900000, 0x00000000ffa00000|  0%| F|  |TAMS 0x00000000ff900000, 0x00000000ff900000| Untracked 
|  58|0x00000000ffa00000, 0x00000000ffa00000, 0x00000000ffb00000|  0%| F|  |TAMS 0x00000000ffa00000, 0x00000000ffa00000| Untracked 
|  59|0x00000000ffb00000, 0x00000000ffb00000, 0x00000000ffc00000|  0%| F|  |TAMS 0x00000000ffb00000, 0x00000000ffb00000| Untracked 
|  60|0x00000000ffc00000, 0x00000000ffc00000, 0x00000000ffd00000|  0%| F|  |TAMS 0x00000000ffc00000, 0x00000000ffc00000| Untracked 
|  61|0x00000000ffd00000, 0x00000000ffd00000, 0x00000000ffe00000|  0%| F|  |TAMS 0x00000000ffd00000, 0x00000000ffd00000| Untracked 
|  62|0x00000000ffe00000, 0x00000000ffee0130, 0x00000000fff00000| 87%| S|CS|TAMS 0x00000000ffe00000, 0x00000000ffe00000| Complete 
|  63|0x00000000fff00000, 0x00000000fff00000, 0x0000000100000000|  0%| F|  |TAMS 0x00000000fff00000, 0x00000000fff00000| Untracked 

Card table byte_map: [0x000001e84e880000,0x000001e84e8a0000] _byte_map_base: 0x000001e84e0a0000

Marking Bits (Prev, Next): (CMBitMap*) 0x000001e8351b9ff0, (CMBitMap*) 0x000001e8351b9fb8
 Prev Bits: [0x000001e84e9c0000, 0x000001e84eac0000)
 Next Bits: [0x000001e84e8c0000, 0x000001e84e9c0000)

Polling page: 0x000001e835280000

Metaspace:

Usage:
  Non-class:     12.73 MB capacity,    12.59 MB ( 99%) used,   128.07 KB ( <1%) free+waste,    20.31 KB ( <1%) overhead. 
      Class:      1.79 MB capacity,     1.65 MB ( 92%) used,   127.31 KB (  7%) free+waste,    10.13 KB ( <1%) overhead. 
       Both:     14.52 MB capacity,    14.24 MB ( 98%) used,   255.38 KB (  2%) free+waste,    30.44 KB ( <1%) overhead. 

Virtual space:
  Non-class space:       30.00 MB reserved,      12.75 MB ( 43%) committed 
      Class space:        1.00 GB reserved,       1.88 MB ( <1%) committed 
             Both:        1.03 GB reserved,      14.63 MB (  1%) committed 

Chunk freelists:
   Non-Class:  2.50 KB
       Class:  3.00 KB
        Both:  5.50 KB

CodeHeap 'non-profiled nmethods': size=120000Kb used=393Kb max_used=393Kb free=119606Kb
 bounds [0x000001e8468f0000, 0x000001e846b60000, 0x000001e84de20000]
CodeHeap 'profiled nmethods': size=120000Kb used=1858Kb max_used=2015Kb free=118141Kb
 bounds [0x000001e83f3c0000, 0x000001e83f630000, 0x000001e8468f0000]
CodeHeap 'non-nmethods': size=5760Kb used=1112Kb max_used=1134Kb free=4647Kb
 bounds [0x000001e83ee20000, 0x000001e83f090000, 0x000001e83f3c0000]
 total_blobs=1405 nmethods=996 adapters=321
 compilation: enabled
              stopped_count=0, restarted_count=0
 full_count=0

Compilation events (10 events):
Event: 1.840 Thread 0x000001e851d23000 nmethod 1129 0x000001e83f424510 code [0x000001e83f4246c0, 0x000001e83f424930]
Event: 1.840 Thread 0x000001e851d23000 1130       3       java.nio.MappedByteBuffer::position (6 bytes)
Event: 1.840 Thread 0x000001e851d23000 nmethod 1130 0x000001e83f424010 code [0x000001e83f4241c0, 0x000001e83f424430]
Event: 1.840 Thread 0x000001e851d23000 1131       3       java.nio.DirectByteBuffer::<init> (35 bytes)
Event: 1.840 Thread 0x000001e851d23000 nmethod 1131 0x000001e83f423810 code [0x000001e83f4239e0, 0x000001e83f423e20]
Event: 1.840 Thread 0x000001e851d22000 nmethod 1128 0x000001e84692fa90 code [0x000001e84692fc20, 0x000001e84692fda8]
Event: 1.846 Thread 0x000001e851d23000 1133   !   3       java.lang.ref.ReferenceQueue::enqueue (119 bytes)
Event: 1.847 Thread 0x000001e851d23000 nmethod 1133 0x000001e83f425d90 code [0x000001e83f425f80, 0x000001e83f426750]
Event: 1.852 Thread 0x000001e851d23000 1135       1       java.util.concurrent.locks.AbstractQueuedSynchronizer::getState (5 bytes)
Event: 1.852 Thread 0x000001e851d23000 nmethod 1135 0x000001e84692ef10 code [0x000001e84692f0a0, 0x000001e84692f1b8]

GC Heap History (6 events):
Event: 0.998 GC heap before
{Heap before GC invocations=0 (full 0):
 garbage-first heap   total 65536K, used 27648K [0x00000000fc000000, 0x0000000100000000)
  region size 1024K, 24 young (24576K), 0 survivors (0K)
 Metaspace       used 10315K, capacity 10541K, committed 10624K, reserved 1058816K
  class space    used 1070K, capacity 1129K, committed 1152K, reserved 1048576K
}
Event: 1.005 GC heap after
{Heap after GC invocations=1 (full 0):
 garbage-first heap   total 65536K, used 10154K [0x00000000fc000000, 0x0000000100000000)
  region size 1024K, 3 young (3072K), 3 survivors (3072K)
 Metaspace       used 10315K, capacity 10541K, committed 10624K, reserved 1058816K
  class space    used 1070K, capacity 1129K, committed 1152K, reserved 1048576K
}
Event: 1.842 GC heap before
{Heap before GC invocations=1 (full 0):
 garbage-first heap   total 65536K, used 25514K [0x00000000fc000000, 0x0000000100000000)
  region size 1024K, 19 young (19456K), 3 survivors (3072K)
 Metaspace       used 14336K, capacity 14548K, committed 14592K, reserved 1069056K
  class space    used 1662K, capacity 1768K, committed 1792K, reserved 1048576K
}
Event: 1.845 GC heap after
{Heap after GC invocations=2 (full 0):
 garbage-first heap   total 65536K, used 11177K [0x00000000fc000000, 0x0000000100000000)
  region size 1024K, 1 young (1024K), 1 survivors (1024K)
 Metaspace       used 14336K, capacity 14548K, committed 14592K, reserved 1069056K
  class space    used 1662K, capacity 1768K, committed 1792K, reserved 1048576K
}
Event: 1.856 GC heap before
{Heap before GC invocations=3 (full 0):
 garbage-first heap   total 65536K, used 11177K [0x00000000fc000000, 0x0000000100000000)
  region size 1024K, 2 young (2048K), 1 survivors (1024K)
 Metaspace       used 14582K, capacity 14868K, committed 14976K, reserved 1077248K
  class space    used 1694K, capacity 1832K, committed 1920K, reserved 1048576K
}
Event: 1.858 GC heap after
{Heap after GC invocations=4 (full 0):
 garbage-first heap   total 65536K, used 11201K [0x00000000fc000000, 0x0000000100000000)
  region size 1024K, 1 young (1024K), 1 survivors (1024K)
 Metaspace       used 14582K, capacity 14868K, committed 14976K, reserved 1077248K
  class space    used 1694K, capacity 1832K, committed 1920K, reserved 1048576K
}

Deoptimization events (10 events):
Event: 0.917 Thread 0x000001e83519f000 Uncommon trap: reason=unstable_if action=reinterpret pc=0x000001e84690bb58 method=java.util.regex.Matcher.reset()Ljava/util/regex/Matcher; @ 47 c2
Event: 0.917 Thread 0x000001e83519f000 Uncommon trap: reason=class_check action=maybe_recompile pc=0x000001e84690c9bc method=java.util.regex.Matcher.match(II)Z @ 121 c2
Event: 0.917 Thread 0x000001e83519f000 Uncommon trap: reason=class_check action=maybe_recompile pc=0x000001e84690c9bc method=java.util.regex.Matcher.match(II)Z @ 121 c2
Event: 0.918 Thread 0x000001e83519f000 Uncommon trap: reason=class_check action=maybe_recompile pc=0x000001e84690c9bc method=java.util.regex.Matcher.match(II)Z @ 121 c2
Event: 0.918 Thread 0x000001e83519f000 Uncommon trap: reason=class_check action=maybe_recompile pc=0x000001e84690c9bc method=java.util.regex.Matcher.match(II)Z @ 121 c2
Event: 0.924 Thread 0x000001e83519f000 Uncommon trap: reason=unstable_if action=reinterpret pc=0x000001e8468fbe74 method=java.util.regex.Pattern.has(I)Z @ 6 c2
Event: 0.927 Thread 0x000001e83519f000 Uncommon trap: reason=unstable_if action=reinterpret pc=0x000001e84692f03c method=java.util.HashMap.hash(Ljava/lang/Object;)I @ 1 c2
Event: 1.310 Thread 0x000001e83519f000 Uncommon trap: reason=unstable_if action=reinterpret pc=0x000001e8469446f0 method=java.util.HashMap.getNode(ILjava/lang/Object;)Ljava/util/HashMap$Node; @ 129 c2
Event: 1.835 Thread 0x000001e83519f000 Uncommon trap: reason=unstable_if action=reinterpret pc=0x000001e846925b1c method=java.lang.AbstractStringBuilder.append(Ljava/lang/String;)Ljava/lang/AbstractStringBuilder; @ 1 c2
Event: 1.835 Thread 0x000001e83519f000 Uncommon trap: reason=unstable_if action=reinterpret pc=0x000001e846926af4 method=java.lang.AbstractStringBuilder.append(Ljava/lang/String;)Ljava/lang/AbstractStringBuilder; @ 1 c2

Classes redefined (0 events):
No events

Internal exceptions (10 events):
Event: 0.960 Thread 0x000001e83519f000 Exception <a 'java/lang/NoClassDefFoundError'{0x00000000fe805908}: org/slf4j/impl/StaticMarkerBinder> (0x00000000fe805908) thrown at [./open/src/hotspot/share/classfile/systemDictionary.cpp, line 217]
Event: 1.011 Thread 0x000001e83519f000 Exception <a 'java/lang/NoSuchMethodError'{0x00000000fff07170}: java.lang.invoke.DirectMethodHandle$Holder.invokeVirtual(Ljava/lang/Object;Ljava/lang/Object;Ljava/lang/Object;Ljava/lang/Object;Ljava/lang/Object;Ljava/lang/Object;Ljava/lang/Object;)Ljava/l
Event: 1.016 Thread 0x000001e83519f000 Exception <a 'java/lang/NoSuchMethodError'{0x00000000fff1acf0}: java.lang.invoke.Invokers$Holder.invoker(Ljava/lang/Object;Ljava/lang/Object;Ljava/lang/Object;)Ljava/lang/Object;> (0x00000000fff1acf0) thrown at [./open/src/hotspot/share/interpreter/linkRe
Event: 1.019 Thread 0x000001e83519f000 Exception <a 'java/lang/NoSuchMethodError'{0x00000000fff2bab0}: java.lang.invoke.DelegatingMethodHandle$Holder.delegate(Ljava/lang/Object;Ljava/lang/Object;ILjava/lang/Object;)V> (0x00000000fff2bab0) thrown at [./open/src/hotspot/share/interpreter/linkRes
Event: 1.195 Thread 0x000001e83519f000 Exception <a 'java/lang/NoSuchMethodError'{0x00000000ff7f2058}: java.lang.invoke.DirectMethodHandle$Holder.invokeStaticInit(Ljava/lang/Object;Ljava/lang/Object;Ljava/lang/Object;)Ljava/lang/Object;> (0x00000000ff7f2058) thrown at [./open/src/hotspot/share
Event: 1.357 Thread 0x000001e83519f000 Exception <a 'java/lang/NoSuchMethodError'{0x00000000ff13fd28}: java.lang.invoke.DirectMethodHandle$Holder.invokeStaticInit(Ljava/lang/Object;IIII)Ljava/lang/Object;> (0x00000000ff13fd28) thrown at [./open/src/hotspot/share/interpreter/linkResolver.cpp, l
Event: 1.593 Thread 0x000001e83519f000 Exception <a 'java/lang/NoSuchMethodError'{0x00000000ff1721a0}: java.lang.invoke.DirectMethodHandle$Holder.invokeStaticInit(Ljava/lang/Object;Ljava/lang/Object;IIII)Ljava/lang/Object;> (0x00000000ff1721a0) thrown at [./open/src/hotspot/share/interpreter/l
Event: 1.833 Thread 0x000001e83519f000 Exception <a 'java/lang/NoSuchMethodError'{0x00000000ff046c88}: java.lang.invoke.DirectMethodHandle$Holder.invokeSpecial(Ljava/lang/Object;Ljava/lang/Object;)V> (0x00000000ff046c88) thrown at [./open/src/hotspot/share/interpreter/linkResolver.cpp, line 77
Event: 1.835 Thread 0x000001e83519f000 Implicit null exception at 0x000001e8469255f4 to 0x000001e846925b02
Event: 1.835 Thread 0x000001e83519f000 Implicit null exception at 0x000001e8469265f4 to 0x000001e846926ada

Events (10 events):
Event: 1.855 loading class jdk/internal/access/JavaNetSocketAccess
Event: 1.855 loading class jdk/internal/access/JavaNetSocketAccess done
Event: 1.855 loading class java/net/ServerSocket$2 done
Event: 1.855 loading class java/net/SocksSocketImpl
Event: 1.856 loading class java/net/SocksConsts
Event: 1.856 loading class java/net/SocksConsts done
Event: 1.856 loading class java/net/PlainSocketImpl
Event: 1.856 loading class java/net/AbstractPlainSocketImpl
Event: 1.856 loading class java/net/SocketImpl
Event: 1.856 Executing VM operation: CollectForMetadataAllocation


Dynamic libraries:
0x00007ff60e6b0000 - 0x00007ff60e6bf000 	C:\Program Files\Java\jdk-11.0.9\bin\java.exe
0x00007ffde4c50000 - 0x00007ffde4e48000 	C:\Windows\SYSTEM32\ntdll.dll
0x00007ffde3400000 - 0x00007ffde34bf000 	C:\Windows\System32\KERNEL32.DLL
0x00007ffde2630000 - 0x00007ffde2926000 	C:\Windows\System32\KERNELBASE.dll
0x00007ffde2a90000 - 0x00007ffde2b90000 	C:\Windows\System32\ucrtbase.dll
0x00007ffdddde0000 - 0x00007ffddddf8000 	C:\Program Files\Java\jdk-11.0.9\bin\jli.dll
0x00007ffde4010000 - 0x00007ffde40bf000 	C:\Windows\System32\ADVAPI32.dll
0x00007ffde34c0000 - 0x00007ffde355e000 	C:\Windows\System32\msvcrt.dll
0x00007ffde3e00000 - 0x00007ffde3e9c000 	C:\Windows\System32\sechost.dll
0x00007ffde4190000 - 0x00007ffde42b6000 	C:\Windows\System32\RPCRT4.dll
0x00007ffde3560000 - 0x00007ffde36fd000 	C:\Windows\System32\USER32.dll
0x00007ffde2570000 - 0x00007ffde2592000 	C:\Windows\System32\win32u.dll
0x00007ffddcd90000 - 0x00007ffddcda5000 	C:\Program Files\Java\jdk-11.0.9\bin\VCRUNTIME140.dll
0x00007ffde4ac0000 - 0x00007ffde4aec000 	C:\Windows\System32\GDI32.dll
0x00007ffde2b90000 - 0x00007ffde2ca5000 	C:\Windows\System32\gdi32full.dll
0x00007ffde29a0000 - 0x00007ffde2a3d000 	C:\Windows\System32\msvcp_win.dll
0x00007ffdce280000 - 0x00007ffdce51a000 	C:\Windows\WinSxS\amd64_microsoft.windows.common-controls_6595b64144ccf1df_6.0.19041.1110_none_60b5254171f9507e\COMCTL32.dll
0x00007ffddb090000 - 0x00007ffddb09a000 	C:\Windows\SYSTEM32\VERSION.dll
0x00007ffde3eb0000 - 0x00007ffde3ee0000 	C:\Windows\System32\IMM32.DLL
0x00007ffdbfe90000 - 0x00007ffdbff2b000 	C:\Program Files\Java\jdk-11.0.9\bin\msvcp140.dll
0x00007ffdbe7a0000 - 0x00007ffdbf297000 	C:\Program Files\Java\jdk-11.0.9\bin\server\jvm.dll
0x00007ffde48a0000 - 0x00007ffde48a8000 	C:\Windows\System32\PSAPI.DLL
0x00007ffdcbd30000 - 0x00007ffdcbd39000 	C:\Windows\SYSTEM32\WSOCK32.dll
0x00007ffddc4b0000 - 0x00007ffddc4d7000 	C:\Windows\SYSTEM32\WINMM.dll
0x00007ffde3fa0000 - 0x00007ffde400b000 	C:\Windows\System32\WS2_32.dll
0x00007ffde0b70000 - 0x00007ffde0b82000 	C:\Windows\SYSTEM32\kernel.appcore.dll
0x00007ffdddb10000 - 0x00007ffdddb20000 	C:\Program Files\Java\jdk-11.0.9\bin\verify.dll
0x00007ffddff70000 - 0x00007ffde0154000 	C:\Windows\SYSTEM32\DBGHELP.DLL
0x00007ffddc3c0000 - 0x00007ffddc3f4000 	C:\Windows\SYSTEM32\dbgcore.DLL
0x00007ffde25a0000 - 0x00007ffde2622000 	C:\Windows\System32\bcryptPrimitives.dll
0x00007ffdbfb80000 - 0x00007ffdbfba8000 	C:\Program Files\Java\jdk-11.0.9\bin\java.dll
0x00007ffdddab0000 - 0x00007ffdddaba000 	C:\Program Files\Java\jdk-11.0.9\bin\jimage.dll
0x00007ffddc360000 - 0x00007ffddc376000 	C:\Program Files\Java\jdk-11.0.9\bin\zip.dll
0x00007ffde2cb0000 - 0x00007ffde33f4000 	C:\Windows\System32\SHELL32.dll
0x00007ffde03c0000 - 0x00007ffde0b54000 	C:\Windows\SYSTEM32\windows.storage.dll
0x00007ffde4370000 - 0x00007ffde46c4000 	C:\Windows\System32\combase.dll
0x00007ffde1d70000 - 0x00007ffde1d9e000 	C:\Windows\SYSTEM32\Wldp.dll
0x00007ffde3760000 - 0x00007ffde380d000 	C:\Windows\System32\SHCORE.dll
0x00007ffde3700000 - 0x00007ffde3755000 	C:\Windows\System32\shlwapi.dll
0x00007ffde2260000 - 0x00007ffde2285000 	C:\Windows\SYSTEM32\profapi.dll
0x00007ffddb730000 - 0x00007ffddb749000 	C:\Program Files\Java\jdk-11.0.9\bin\net.dll
0x00007ffdd9660000 - 0x00007ffdd976a000 	C:\Windows\SYSTEM32\WINHTTP.dll
0x00007ffde1ad0000 - 0x00007ffde1b3a000 	C:\Windows\system32\mswsock.dll
0x00007ffdc9150000 - 0x00007ffdc9162000 	C:\Program Files\Java\jdk-11.0.9\bin\nio.dll
0x00007ffdbfb50000 - 0x00007ffdbfb77000 	C:\Users\Ana\.gradle\native\68d5fa5c4cc2d200863cafc0d521ce42e7d3e7ee720ec0a83991735586a16f82\windows-amd64\native-platform.dll
0x00007ffddc2c0000 - 0x00007ffddc2c9000 	C:\Program Files\Java\jdk-11.0.9\bin\management.dll
0x00007ffddb660000 - 0x00007ffddb66b000 	C:\Program Files\Java\jdk-11.0.9\bin\management_ext.dll
0x00007ffde1cd0000 - 0x00007ffde1ce8000 	C:\Windows\SYSTEM32\CRYPTSP.dll
0x00007ffde1380000 - 0x00007ffde13b4000 	C:\Windows\system32\rsaenh.dll
0x00007ffde2490000 - 0x00007ffde24b7000 	C:\Windows\System32\bcrypt.dll
0x00007ffde21e0000 - 0x00007ffde220e000 	C:\Windows\SYSTEM32\USERENV.dll
0x00007ffde1cc0000 - 0x00007ffde1ccc000 	C:\Windows\SYSTEM32\CRYPTBASE.dll
0x00007ffde1770000 - 0x00007ffde17ac000 	C:\Windows\SYSTEM32\IPHLPAPI.DLL
0x00007ffde3d90000 - 0x00007ffde3d98000 	C:\Windows\System32\NSI.dll
0x00007ffdd9870000 - 0x00007ffdd9887000 	C:\Windows\SYSTEM32\dhcpcsvc6.DLL
0x00007ffdd8c40000 - 0x00007ffdd8c5d000 	C:\Windows\SYSTEM32\dhcpcsvc.DLL
0x00007ffde17b0000 - 0x00007ffde187a000 	C:\Windows\SYSTEM32\DNSAPI.dll

dbghelp: loaded successfully - version: 4.0.5 - missing functions: none
symbol engine: initialized successfully - sym options: 0x614 - pdb path: .;C:\Program Files\Java\jdk-11.0.9\bin;C:\Windows\SYSTEM32;C:\Windows\WinSxS\amd64_microsoft.windows.common-controls_6595b64144ccf1df_6.0.19041.1110_none_60b5254171f9507e;C:\Program Files\Java\jdk-11.0.9\bin\server;C:\Users\Ana\.gradle\native\68d5fa5c4cc2d200863cafc0d521ce42e7d3e7ee720ec0a83991735586a16f82\windows-amd64

VM Arguments:
jvm_args: -Xmx64m -Xms64m -Dorg.gradle.appname=gradlew 
java_command: org.gradle.wrapper.GradleWrapperMain tasks
java_class_path (initial): D:\Master\BDSA\Disertatie\aplicatie\singlebeat\android\\gradle\wrapper\gradle-wrapper.jar
Launcher Type: SUN_STANDARD

[Global flags]
     intx CICompilerCount                          = 4                                         {product} {ergonomic}
     uint ConcGCThreads                            = 2                                         {product} {ergonomic}
     uint G1ConcRefinementThreads                  = 8                                         {product} {ergonomic}
   size_t G1HeapRegionSize                         = 1048576                                   {product} {ergonomic}
    uintx GCDrainStackTargetSize                   = 64                                        {product} {ergonomic}
   size_t InitialHeapSize                          = 67108864                                  {product} {command line}
   size_t MarkStackSize                            = 4194304                                   {product} {ergonomic}
   size_t MaxHeapSize                              = 67108864                                  {product} {command line}
   size_t MaxNewSize                               = 39845888                                  {product} {ergonomic}
   size_t MinHeapDeltaBytes                        = 1048576                                   {product} {ergonomic}
    uintx NonNMethodCodeHeapSize                   = 5836300                                {pd product} {ergonomic}
    uintx NonProfiledCodeHeapSize                  = 122910970                              {pd product} {ergonomic}
    uintx ProfiledCodeHeapSize                     = 122910970                              {pd product} {ergonomic}
    uintx ReservedCodeCacheSize                    = 251658240                              {pd product} {ergonomic}
     bool SegmentedCodeCache                       = true                                      {product} {ergonomic}
     bool UseCompressedClassPointers               = true                                 {lp64_product} {ergonomic}
     bool UseCompressedOops                        = true                                 {lp64_product} {ergonomic}
     bool UseG1GC                                  = true                                      {product} {ergonomic}
     bool UseLargePagesIndividualAllocation        = false                                  {pd product} {ergonomic}

Logging:
Log output configuration:
 #0: stdout all=warning uptime,level,tags
 #1: stderr all=off uptime,level,tags

Environment Variables:
JAVA_HOME=C:\Program Files\Java\jdk-11.0.9
CLASSPATH=D:\Master\BDSA\Disertatie\aplicatie\singlebeat\android\\gradle\wrapper\gradle-wrapper.jar
PATH=D:\Master\BDSA\Disertatie\aplicatie\singlebeat\node_modules\.bin;D:\Master\BDSA\Disertatie\aplicatie\singlebeat\node_modules\.bin;D:\Master\BDSA\Disertatie\aplicatie\node_modules\.bin;D:\Master\BDSA\Disertatie\node_modules\.bin;D:\Master\BDSA\node_modules\.bin;D:\Master\node_modules\.bin;D:\node_modules\.bin;D:\nodejs\node_modules\npm\node_modules\@npmcli\run-script\lib\node-gyp-bin;D:\Downloads\Kit21c\bin;D:\VMWare\bin\;C:\Program Files\Java\jdk-11.0.9\bin;C:\Program Files\Java\jdk1.8.0_291\bin\bin;D:\app\Ana\product\11.2.0\dbhome_1\bin;C:\Program Files\Java\jdk-11.0.9\bin;C:\Windows\system32;C:\Windows;C:\Windows\System32\Wbem;C:\Windows\System32\WindowsPowerShell\v1.0\;C:\Windows\System32\OpenSSH\;C:\Program Files\Microsoft SQL Server\130\Tools\Binn\;C:\Program Files\SourceGear\Common\DiffMerge\;D:\Windows Kits\10\Windows Performance Toolkit\;C:\Program Files (x86)\Yarn\bin\;D:\xampp\php;C:\Users\Ana\AppData\Roaming\Composer\vendor\bin;D:\xampp\apache\bin;C:\Users\Ana\AppData\Local\Microsoft\WindowsApps;C:\Users\Ana\AppData\Local\Programs\Microsoft VS Code\bin;C:\Users\Ana\AppData\Roaming\npm;C:\Program Files\Oracle\instantclient_12_2;D:\heroku\bin;C:\Users\Ana\.dotnet\tools;C:\U;D:\Python38\;D:\Python38\Scripts\;D:\Master\An 2\Semestrul 2\WMDA\Curs 1\extraction\geckodriver.exe;D:\Python38\Lib\site-packages\graphviz;C:\Program Files\Azure Data Studio\bin;D:\PuTTY\;D:\instantclient\instantclient_21_10;D:\nodejs\;C:\Users\Ana\AppData\Local\Android\Sdk\platform-tools;D:\Python38\Scripts\;D:\Python38\;C:\Program Files\Java\jdk-11.0.9\bin;C:\Program Files\Java\jdk1.8.0_291\bin\bin;D:\app\Ana\product\11.2.0\dbhome_1\bin;C:\Program Files\Java\jdk-11.0.9\bin;C:\Windows\system32;C:\Windows;C:\Windows\System32\Wbem;C:\Windows\System32\WindowsPowerShell\v1.0\;C:\Windows\System32\OpenSSH\;C:\Program Files\Microsoft SQL Server\130\Tools\Binn\;C:\Program Files\Microsoft SQL Server\Client SDK\ODBC\170\Tools\Binn\;C:\Program Files\nodejs\;C:\Program Files\SourceGear\Common\Dif
USERNAME=Ana
OS=Windows_NT
PROCESSOR_IDENTIFIER=Intel64 Family 6 Model 126 Stepping 5, GenuineIntel



---------------  S Y S T E M  ---------------

OS: Windows 10 , 64 bit Build 19041 (10.0.19041.3155)

CPU:total 8 (initial active 8) (4 cores per cpu, 2 threads per core) family 6 model 126 stepping 5, cmov, cx8, fxsr, mmx, sse, sse2, sse3, ssse3, sse4.1, sse4.2, popcnt, avx, avx2, aes, clmul, erms, 3dnowpref, lzcnt, ht, tsc, tscinvbit, bmi1, bmi2, adx, evex, sha, fma

Memory: 4k page, system-wide physical 15617M (1832M free)
TotalPageFile size 17441M (AvailPageFile size 0M)
current process WorkingSet (physical memory assigned to process): 93M, peak: 93M
current process commit charge ("private bytes"): 163M, peak: 165M

vm_info: Java HotSpot(TM) 64-Bit Server VM (11.0.9+7-LTS) for windows-amd64 JRE (11.0.9+7-LTS), built on Sep 15 2020 16:47:03 by "mach5one" with MS VC++ 15.9 (VS2017)

END.
